2024-02-06 13:53:01 INFO::Writing function arguments to log file
2024-02-06 13:53:01 DEBUG::Function arguments
2024-02-06 13:53:01 DEBUG::Output folder: ./InputData/MMUPHin_lm_meta/FengQ_2015.metaphlan_bugs_list.stool
2024-02-06 13:53:01 DEBUG::Min Abundance: 0.000000
2024-02-06 13:53:01 DEBUG::Min Prevalence: 0.000000
2024-02-06 13:53:01 DEBUG::Normalization: TSS
2024-02-06 13:53:01 DEBUG::Transform: AST
2024-02-06 13:53:01 DEBUG::Analysis method: LM
2024-02-06 13:53:01 DEBUG::Max significance: 1.000000
2024-02-06 13:53:01 DEBUG::Random effects:
2024-02-06 13:53:01 DEBUG::Fixed effects: E1,X1,X2,X3
2024-02-06 13:53:01 DEBUG::Correction method: BH
2024-02-06 13:53:01 DEBUG::Standardize: FALSE
2024-02-06 13:53:01 DEBUG::Cores: 1
2024-02-06 13:53:01 INFO::Verifying options selected are valid
2024-02-06 13:53:01 INFO::Determining format of input files
2024-02-06 13:53:01 INFO::Input format is data samples as columns and metadata samples as rows
2024-02-06 13:53:01 DEBUG::Transformed data so samples are rows
2024-02-06 13:53:01 DEBUG::A total of 107 samples were found in both the data and metadata
2024-02-06 13:53:01 DEBUG::Reordering data/metadata to use same sample ordering
2024-02-06 13:53:01 INFO::Formula for fixed effects: expr ~  E1 + X1 + X2 + X3
2024-02-06 13:53:01 INFO::Filter data based on min abundance and min prevalence
2024-02-06 13:53:01 INFO::Total samples in data: 107
2024-02-06 13:53:01 INFO::Min samples required with min abundance for a feature not to be filtered: 0.000000
2024-02-06 13:53:01 INFO::Total filtered features: 0
2024-02-06 13:53:01 INFO::Filtered feature names from abundance and prevalence filtering:
2024-02-06 13:53:01 INFO::Total filtered features with variance filtering: 0
2024-02-06 13:53:01 INFO::Filtered feature names from variance filtering:
2024-02-06 13:53:01 INFO::Running selected normalization method: TSS
2024-02-06 13:53:01 INFO::Bypass z-score application to metadata
2024-02-06 13:53:01 INFO::Running selected transform method: AST
2024-02-06 13:53:01 INFO::Running selected analysis method: LM
2024-02-06 13:53:01 INFO::Fitting model to feature number 1, T1
2024-02-06 13:53:01 INFO::Fitting model to feature number 2, T2
2024-02-06 13:53:01 INFO::Fitting model to feature number 3, T3
2024-02-06 13:53:01 INFO::Fitting model to feature number 4, T4
2024-02-06 13:53:01 INFO::Fitting model to feature number 5, T5
2024-02-06 13:53:01 INFO::Fitting model to feature number 6, T6
2024-02-06 13:53:01 INFO::Fitting model to feature number 7, T7
2024-02-06 13:53:01 INFO::Fitting model to feature number 8, T8
2024-02-06 13:53:01 INFO::Fitting model to feature number 9, T9
2024-02-06 13:53:02 INFO::Fitting model to feature number 10, T10
2024-02-06 13:53:02 INFO::Fitting model to feature number 11, T11
2024-02-06 13:53:02 INFO::Fitting model to feature number 12, T12
2024-02-06 13:53:02 INFO::Fitting model to feature number 13, T13
2024-02-06 13:53:02 INFO::Fitting model to feature number 14, T14
2024-02-06 13:53:02 INFO::Fitting model to feature number 15, T15
2024-02-06 13:53:02 INFO::Fitting model to feature number 16, T16
2024-02-06 13:53:02 INFO::Fitting model to feature number 17, T17
2024-02-06 13:53:02 INFO::Fitting model to feature number 18, T18
2024-02-06 13:53:02 INFO::Fitting model to feature number 19, T19
2024-02-06 13:53:02 INFO::Fitting model to feature number 20, T20
2024-02-06 13:53:02 INFO::Fitting model to feature number 21, T21
2024-02-06 13:53:02 INFO::Fitting model to feature number 22, T22
2024-02-06 13:53:02 INFO::Fitting model to feature number 23, T23
2024-02-06 13:53:02 INFO::Fitting model to feature number 24, T24
2024-02-06 13:53:02 INFO::Fitting model to feature number 25, T25
2024-02-06 13:53:02 INFO::Fitting model to feature number 26, T26
2024-02-06 13:53:02 INFO::Fitting model to feature number 27, T27
2024-02-06 13:53:02 INFO::Fitting model to feature number 28, T28
2024-02-06 13:53:02 INFO::Fitting model to feature number 29, T29
2024-02-06 13:53:02 INFO::Fitting model to feature number 30, T30
2024-02-06 13:53:02 INFO::Fitting model to feature number 31, T31
2024-02-06 13:53:02 INFO::Fitting model to feature number 32, T32
2024-02-06 13:53:02 INFO::Fitting model to feature number 33, T33
2024-02-06 13:53:02 INFO::Fitting model to feature number 34, T34
2024-02-06 13:53:02 INFO::Fitting model to feature number 35, T35
2024-02-06 13:53:02 INFO::Fitting model to feature number 36, T36
2024-02-06 13:53:02 INFO::Fitting model to feature number 37, T37
2024-02-06 13:53:02 INFO::Fitting model to feature number 38, T38
2024-02-06 13:53:02 INFO::Fitting model to feature number 39, T39
2024-02-06 13:53:02 INFO::Fitting model to feature number 40, T40
2024-02-06 13:53:02 INFO::Fitting model to feature number 41, T41
2024-02-06 13:53:02 INFO::Fitting model to feature number 42, T42
2024-02-06 13:53:02 INFO::Fitting model to feature number 43, T43
2024-02-06 13:53:02 INFO::Fitting model to feature number 44, T44
2024-02-06 13:53:02 INFO::Fitting model to feature number 45, T45
2024-02-06 13:53:02 INFO::Fitting model to feature number 46, T46
2024-02-06 13:53:02 INFO::Fitting model to feature number 47, T47
2024-02-06 13:53:02 INFO::Fitting model to feature number 48, T48
2024-02-06 13:53:02 INFO::Fitting model to feature number 49, T49
2024-02-06 13:53:02 INFO::Fitting model to feature number 50, T50
2024-02-06 13:53:02 INFO::Fitting model to feature number 51, T51
2024-02-06 13:53:02 INFO::Fitting model to feature number 52, T52
2024-02-06 13:53:02 INFO::Fitting model to feature number 53, T53
2024-02-06 13:53:02 INFO::Fitting model to feature number 54, T54
2024-02-06 13:53:02 INFO::Fitting model to feature number 55, T55
2024-02-06 13:53:02 INFO::Fitting model to feature number 56, T56
2024-02-06 13:53:02 INFO::Fitting model to feature number 57, T57
2024-02-06 13:53:02 INFO::Fitting model to feature number 58, T58
2024-02-06 13:53:02 INFO::Fitting model to feature number 59, T59
2024-02-06 13:53:02 INFO::Fitting model to feature number 60, T60
2024-02-06 13:53:02 INFO::Fitting model to feature number 61, T61
2024-02-06 13:53:02 INFO::Fitting model to feature number 62, T62
2024-02-06 13:53:02 INFO::Fitting model to feature number 63, T63
2024-02-06 13:53:02 INFO::Fitting model to feature number 64, T64
2024-02-06 13:53:02 INFO::Fitting model to feature number 65, T65
2024-02-06 13:53:02 INFO::Fitting model to feature number 66, T66
2024-02-06 13:53:02 INFO::Fitting model to feature number 67, T67
2024-02-06 13:53:02 INFO::Fitting model to feature number 68, T68
2024-02-06 13:53:02 INFO::Fitting model to feature number 69, T69
2024-02-06 13:53:02 INFO::Fitting model to feature number 70, T70
2024-02-06 13:53:02 INFO::Fitting model to feature number 71, T71
2024-02-06 13:53:02 INFO::Fitting model to feature number 72, T72
2024-02-06 13:53:02 INFO::Fitting model to feature number 73, T73
2024-02-06 13:53:02 INFO::Fitting model to feature number 74, T74
2024-02-06 13:53:02 INFO::Fitting model to feature number 75, T75
2024-02-06 13:53:02 INFO::Fitting model to feature number 76, T76
2024-02-06 13:53:02 INFO::Fitting model to feature number 77, T77
2024-02-06 13:53:02 INFO::Fitting model to feature number 78, T78
2024-02-06 13:53:02 INFO::Fitting model to feature number 79, T79
2024-02-06 13:53:02 INFO::Fitting model to feature number 80, T80
2024-02-06 13:53:02 INFO::Fitting model to feature number 81, T81
2024-02-06 13:53:02 INFO::Fitting model to feature number 82, T82
2024-02-06 13:53:02 INFO::Fitting model to feature number 83, T83
2024-02-06 13:53:02 INFO::Fitting model to feature number 84, T84
2024-02-06 13:53:02 INFO::Fitting model to feature number 85, T85
2024-02-06 13:53:02 INFO::Fitting model to feature number 86, T86
2024-02-06 13:53:02 INFO::Fitting model to feature number 87, T87
2024-02-06 13:53:02 INFO::Fitting model to feature number 88, T88
2024-02-06 13:53:02 INFO::Fitting model to feature number 89, T89
2024-02-06 13:53:02 INFO::Fitting model to feature number 90, T90
2024-02-06 13:53:02 INFO::Fitting model to feature number 91, T91
2024-02-06 13:53:02 INFO::Fitting model to feature number 92, T92
2024-02-06 13:53:02 INFO::Fitting model to feature number 93, T93
2024-02-06 13:53:02 INFO::Fitting model to feature number 94, T94
2024-02-06 13:53:02 INFO::Fitting model to feature number 95, T95
2024-02-06 13:53:02 INFO::Fitting model to feature number 96, T96
2024-02-06 13:53:02 INFO::Fitting model to feature number 97, T97
2024-02-06 13:53:02 INFO::Fitting model to feature number 98, T98
2024-02-06 13:53:02 INFO::Fitting model to feature number 99, T99
2024-02-06 13:53:02 INFO::Fitting model to feature number 100, T100
2024-02-06 13:53:02 INFO::Fitting model to feature number 101, T101
2024-02-06 13:53:02 INFO::Fitting model to feature number 102, T102
2024-02-06 13:53:02 INFO::Fitting model to feature number 103, T103
2024-02-06 13:53:02 INFO::Fitting model to feature number 104, T104
2024-02-06 13:53:02 INFO::Fitting model to feature number 105, T105
2024-02-06 13:53:02 INFO::Fitting model to feature number 106, T106
2024-02-06 13:53:02 INFO::Fitting model to feature number 107, T107
2024-02-06 13:53:02 INFO::Fitting model to feature number 108, T108
2024-02-06 13:53:02 INFO::Fitting model to feature number 109, T109
2024-02-06 13:53:02 INFO::Fitting model to feature number 110, T110
2024-02-06 13:53:02 INFO::Fitting model to feature number 111, T111
2024-02-06 13:53:02 INFO::Fitting model to feature number 112, T112
2024-02-06 13:53:02 INFO::Fitting model to feature number 113, T113
2024-02-06 13:53:02 INFO::Fitting model to feature number 114, T114
2024-02-06 13:53:02 INFO::Fitting model to feature number 115, T115
2024-02-06 13:53:02 INFO::Fitting model to feature number 116, T116
2024-02-06 13:53:02 INFO::Fitting model to feature number 117, T117
2024-02-06 13:53:02 INFO::Fitting model to feature number 118, T118
2024-02-06 13:53:02 INFO::Fitting model to feature number 119, T119
2024-02-06 13:53:02 INFO::Fitting model to feature number 120, T120
2024-02-06 13:53:02 INFO::Fitting model to feature number 121, T121
2024-02-06 13:53:02 INFO::Fitting model to feature number 122, T122
2024-02-06 13:53:02 INFO::Fitting model to feature number 123, T123
2024-02-06 13:53:02 INFO::Fitting model to feature number 124, T124
2024-02-06 13:53:02 INFO::Fitting model to feature number 125, T125
2024-02-06 13:53:02 INFO::Fitting model to feature number 126, T126
2024-02-06 13:53:02 INFO::Fitting model to feature number 127, T127
2024-02-06 13:53:02 INFO::Fitting model to feature number 128, T128
2024-02-06 13:53:02 INFO::Fitting model to feature number 129, T129
2024-02-06 13:53:02 INFO::Fitting model to feature number 130, T130
2024-02-06 13:53:02 INFO::Fitting model to feature number 131, T131
2024-02-06 13:53:02 INFO::Fitting model to feature number 132, T132
2024-02-06 13:53:02 INFO::Fitting model to feature number 133, T133
2024-02-06 13:53:02 INFO::Fitting model to feature number 134, T134
2024-02-06 13:53:02 INFO::Fitting model to feature number 135, T135
2024-02-06 13:53:02 INFO::Fitting model to feature number 136, T136
2024-02-06 13:53:02 INFO::Fitting model to feature number 137, T137
2024-02-06 13:53:02 INFO::Fitting model to feature number 138, T138
2024-02-06 13:53:02 INFO::Fitting model to feature number 139, T139
2024-02-06 13:53:02 INFO::Fitting model to feature number 140, T140
2024-02-06 13:53:02 INFO::Fitting model to feature number 141, T141
2024-02-06 13:53:02 INFO::Fitting model to feature number 142, T142
2024-02-06 13:53:02 INFO::Fitting model to feature number 143, T143
2024-02-06 13:53:02 INFO::Fitting model to feature number 144, T144
2024-02-06 13:53:02 INFO::Fitting model to feature number 145, T145
2024-02-06 13:53:02 INFO::Fitting model to feature number 146, T146
2024-02-06 13:53:02 INFO::Fitting model to feature number 147, T147
2024-02-06 13:53:02 INFO::Fitting model to feature number 148, T148
2024-02-06 13:53:02 INFO::Fitting model to feature number 149, T149
2024-02-06 13:53:02 INFO::Fitting model to feature number 150, T150
2024-02-06 13:53:02 INFO::Fitting model to feature number 151, T151
2024-02-06 13:53:02 INFO::Fitting model to feature number 152, T152
2024-02-06 13:53:02 INFO::Fitting model to feature number 153, T153
2024-02-06 13:53:02 INFO::Fitting model to feature number 154, T154
2024-02-06 13:53:02 INFO::Fitting model to feature number 155, T155
2024-02-06 13:53:02 INFO::Fitting model to feature number 156, T156
2024-02-06 13:53:02 INFO::Fitting model to feature number 157, T157
2024-02-06 13:53:02 INFO::Fitting model to feature number 158, T158
2024-02-06 13:53:02 INFO::Fitting model to feature number 159, T159
2024-02-06 13:53:02 INFO::Fitting model to feature number 160, T160
2024-02-06 13:53:02 INFO::Fitting model to feature number 161, T161
2024-02-06 13:53:02 INFO::Fitting model to feature number 162, T162
2024-02-06 13:53:02 INFO::Fitting model to feature number 163, T163
2024-02-06 13:53:02 INFO::Fitting model to feature number 164, T164
2024-02-06 13:53:02 INFO::Fitting model to feature number 165, T165
2024-02-06 13:53:02 INFO::Fitting model to feature number 166, T166
2024-02-06 13:53:02 INFO::Fitting model to feature number 167, T167
2024-02-06 13:53:02 INFO::Fitting model to feature number 168, T168
2024-02-06 13:53:02 INFO::Fitting model to feature number 169, T169
2024-02-06 13:53:02 INFO::Fitting model to feature number 170, T170
2024-02-06 13:53:02 INFO::Fitting model to feature number 171, T171
2024-02-06 13:53:02 INFO::Fitting model to feature number 172, T172
2024-02-06 13:53:02 INFO::Fitting model to feature number 173, T173
2024-02-06 13:53:02 INFO::Fitting model to feature number 174, T174
2024-02-06 13:53:02 INFO::Fitting model to feature number 175, T175
2024-02-06 13:53:02 INFO::Fitting model to feature number 176, T176
2024-02-06 13:53:02 INFO::Fitting model to feature number 177, T177
2024-02-06 13:53:02 INFO::Fitting model to feature number 178, T178
2024-02-06 13:53:02 INFO::Fitting model to feature number 179, T179
2024-02-06 13:53:02 INFO::Fitting model to feature number 180, T180
2024-02-06 13:53:02 INFO::Fitting model to feature number 181, T181
2024-02-06 13:53:02 INFO::Fitting model to feature number 182, T182
2024-02-06 13:53:02 INFO::Fitting model to feature number 183, T183
2024-02-06 13:53:02 INFO::Fitting model to feature number 184, T184
2024-02-06 13:53:02 INFO::Fitting model to feature number 185, T185
2024-02-06 13:53:02 INFO::Fitting model to feature number 186, T186
2024-02-06 13:53:02 INFO::Fitting model to feature number 187, T187
2024-02-06 13:53:02 INFO::Fitting model to feature number 188, T188
2024-02-06 13:53:02 INFO::Fitting model to feature number 189, T189
2024-02-06 13:53:02 INFO::Fitting model to feature number 190, T190
2024-02-06 13:53:02 INFO::Fitting model to feature number 191, T191
2024-02-06 13:53:02 INFO::Fitting model to feature number 192, T192
2024-02-06 13:53:02 INFO::Fitting model to feature number 193, T193
2024-02-06 13:53:02 INFO::Fitting model to feature number 194, T194
2024-02-06 13:53:02 INFO::Fitting model to feature number 195, T195
2024-02-06 13:53:02 INFO::Fitting model to feature number 196, T196
2024-02-06 13:53:02 INFO::Fitting model to feature number 197, T197
2024-02-06 13:53:02 INFO::Fitting model to feature number 198, T198
2024-02-06 13:53:02 INFO::Fitting model to feature number 199, T199
2024-02-06 13:53:02 INFO::Fitting model to feature number 200, T200
2024-02-06 13:53:02 INFO::Fitting model to feature number 201, T201
2024-02-06 13:53:02 INFO::Fitting model to feature number 202, T202
2024-02-06 13:53:02 INFO::Fitting model to feature number 203, T203
2024-02-06 13:53:02 INFO::Fitting model to feature number 204, T204
2024-02-06 13:53:02 INFO::Fitting model to feature number 205, T205
2024-02-06 13:53:02 INFO::Fitting model to feature number 206, T206
2024-02-06 13:53:02 INFO::Fitting model to feature number 207, T207
2024-02-06 13:53:02 INFO::Fitting model to feature number 208, T208
2024-02-06 13:53:02 INFO::Fitting model to feature number 209, T209
2024-02-06 13:53:02 INFO::Fitting model to feature number 210, T210
2024-02-06 13:53:02 INFO::Fitting model to feature number 211, T211
2024-02-06 13:53:02 INFO::Fitting model to feature number 212, T212
2024-02-06 13:53:02 INFO::Fitting model to feature number 213, T213
2024-02-06 13:53:02 INFO::Fitting model to feature number 214, T214
2024-02-06 13:53:02 INFO::Fitting model to feature number 215, T215
2024-02-06 13:53:02 INFO::Fitting model to feature number 216, T216
2024-02-06 13:53:02 INFO::Fitting model to feature number 217, T217
2024-02-06 13:53:02 INFO::Fitting model to feature number 218, T218
2024-02-06 13:53:02 INFO::Fitting model to feature number 219, T219
2024-02-06 13:53:02 INFO::Fitting model to feature number 220, T220
2024-02-06 13:53:02 INFO::Fitting model to feature number 221, T221
2024-02-06 13:53:02 INFO::Fitting model to feature number 222, T222
2024-02-06 13:53:02 INFO::Fitting model to feature number 223, T223
2024-02-06 13:53:02 INFO::Fitting model to feature number 224, T224
2024-02-06 13:53:02 INFO::Fitting model to feature number 225, T225
2024-02-06 13:53:02 INFO::Fitting model to feature number 226, T226
2024-02-06 13:53:02 INFO::Fitting model to feature number 227, T227
2024-02-06 13:53:02 INFO::Fitting model to feature number 228, T228
2024-02-06 13:53:02 INFO::Fitting model to feature number 229, T229
2024-02-06 13:53:02 INFO::Fitting model to feature number 230, T230
2024-02-06 13:53:02 INFO::Fitting model to feature number 231, T231
2024-02-06 13:53:02 INFO::Fitting model to feature number 232, T232
2024-02-06 13:53:02 INFO::Fitting model to feature number 233, T233
2024-02-06 13:53:02 INFO::Fitting model to feature number 234, T234
2024-02-06 13:53:02 INFO::Fitting model to feature number 235, T235
2024-02-06 13:53:02 INFO::Fitting model to feature number 236, T236
2024-02-06 13:53:02 INFO::Fitting model to feature number 237, T237
2024-02-06 13:53:02 INFO::Fitting model to feature number 238, T238
2024-02-06 13:53:02 INFO::Fitting model to feature number 239, T239
2024-02-06 13:53:02 INFO::Fitting model to feature number 240, T240
2024-02-06 13:53:02 INFO::Fitting model to feature number 241, T241
2024-02-06 13:53:02 INFO::Fitting model to feature number 242, T242
2024-02-06 13:53:02 INFO::Fitting model to feature number 243, T243
2024-02-06 13:53:02 INFO::Fitting model to feature number 244, T244
2024-02-06 13:53:02 INFO::Fitting model to feature number 245, T245
2024-02-06 13:53:02 INFO::Fitting model to feature number 246, T246
2024-02-06 13:53:02 INFO::Fitting model to feature number 247, T247
2024-02-06 13:53:02 INFO::Fitting model to feature number 248, T248
2024-02-06 13:53:02 INFO::Fitting model to feature number 249, T249
2024-02-06 13:53:02 INFO::Fitting model to feature number 250, T250
2024-02-06 13:53:02 INFO::Fitting model to feature number 251, T251
2024-02-06 13:53:02 INFO::Fitting model to feature number 252, T252
2024-02-06 13:53:02 INFO::Fitting model to feature number 253, T253
2024-02-06 13:53:02 INFO::Fitting model to feature number 254, T254
2024-02-06 13:53:02 INFO::Fitting model to feature number 255, T255
2024-02-06 13:53:02 INFO::Fitting model to feature number 256, T256
2024-02-06 13:53:02 INFO::Fitting model to feature number 257, T257
2024-02-06 13:53:02 INFO::Fitting model to feature number 258, T258
2024-02-06 13:53:02 INFO::Fitting model to feature number 259, T259
2024-02-06 13:53:02 INFO::Fitting model to feature number 260, T260
2024-02-06 13:53:02 INFO::Fitting model to feature number 261, T261
2024-02-06 13:53:02 INFO::Fitting model to feature number 262, T262
2024-02-06 13:53:02 INFO::Fitting model to feature number 263, T263
2024-02-06 13:53:02 INFO::Fitting model to feature number 264, T264
2024-02-06 13:53:02 INFO::Fitting model to feature number 265, T265
2024-02-06 13:53:02 INFO::Fitting model to feature number 266, T266
2024-02-06 13:53:02 INFO::Fitting model to feature number 267, T267
2024-02-06 13:53:02 INFO::Fitting model to feature number 268, T268
2024-02-06 13:53:02 INFO::Fitting model to feature number 269, T269
2024-02-06 13:53:02 INFO::Fitting model to feature number 270, T270
2024-02-06 13:53:02 INFO::Fitting model to feature number 271, T271
2024-02-06 13:53:02 INFO::Fitting model to feature number 272, T272
2024-02-06 13:53:02 INFO::Fitting model to feature number 273, T273
2024-02-06 13:53:02 INFO::Fitting model to feature number 274, T274
2024-02-06 13:53:02 INFO::Fitting model to feature number 275, T275
2024-02-06 13:53:02 INFO::Fitting model to feature number 276, T276
2024-02-06 13:53:02 INFO::Fitting model to feature number 277, T277
2024-02-06 13:53:02 INFO::Fitting model to feature number 278, T278
2024-02-06 13:53:02 INFO::Fitting model to feature number 279, T279
2024-02-06 13:53:02 INFO::Fitting model to feature number 280, T280
2024-02-06 13:53:02 INFO::Fitting model to feature number 281, T281
2024-02-06 13:53:02 INFO::Fitting model to feature number 282, T282
2024-02-06 13:53:02 INFO::Fitting model to feature number 283, T283
2024-02-06 13:53:02 INFO::Fitting model to feature number 284, T284
2024-02-06 13:53:02 INFO::Fitting model to feature number 285, T285
2024-02-06 13:53:02 INFO::Fitting model to feature number 286, T286
2024-02-06 13:53:02 INFO::Fitting model to feature number 287, T287
2024-02-06 13:53:02 INFO::Fitting model to feature number 288, T288
2024-02-06 13:53:02 INFO::Fitting model to feature number 289, T289
2024-02-06 13:53:02 INFO::Fitting model to feature number 290, T290
2024-02-06 13:53:02 INFO::Fitting model to feature number 291, T291
2024-02-06 13:53:02 INFO::Fitting model to feature number 292, T292
2024-02-06 13:53:02 INFO::Fitting model to feature number 293, T293
2024-02-06 13:53:02 INFO::Fitting model to feature number 294, T294
2024-02-06 13:53:02 INFO::Fitting model to feature number 295, T295
2024-02-06 13:53:02 INFO::Fitting model to feature number 296, T296
2024-02-06 13:53:02 INFO::Fitting model to feature number 297, T297
2024-02-06 13:53:02 INFO::Fitting model to feature number 298, T298
2024-02-06 13:53:02 INFO::Fitting model to feature number 299, T300
2024-02-06 13:53:02 INFO::Fitting model to feature number 300, T301
2024-02-06 13:53:02 INFO::Fitting model to feature number 301, T302
2024-02-06 13:53:02 INFO::Fitting model to feature number 302, T303
2024-02-06 13:53:02 INFO::Fitting model to feature number 303, T304
2024-02-06 13:53:02 INFO::Fitting model to feature number 304, T305
2024-02-06 13:53:02 INFO::Fitting model to feature number 305, T306
2024-02-06 13:53:02 INFO::Fitting model to feature number 306, T307
2024-02-06 13:53:02 INFO::Fitting model to feature number 307, T308
2024-02-06 13:53:02 INFO::Fitting model to feature number 308, T309
2024-02-06 13:53:02 INFO::Fitting model to feature number 309, T310
2024-02-06 13:53:02 INFO::Fitting model to feature number 310, T311
2024-02-06 13:53:02 INFO::Fitting model to feature number 311, T312
2024-02-06 13:53:02 INFO::Fitting model to feature number 312, T313
2024-02-06 13:53:02 INFO::Fitting model to feature number 313, T314
2024-02-06 13:53:02 INFO::Fitting model to feature number 314, T315
2024-02-06 13:53:02 INFO::Fitting model to feature number 315, T316
2024-02-06 13:53:02 INFO::Fitting model to feature number 316, T317
2024-02-06 13:53:02 INFO::Fitting model to feature number 317, T318
2024-02-06 13:53:02 INFO::Fitting model to feature number 318, T319
2024-02-06 13:53:02 INFO::Fitting model to feature number 319, T320
2024-02-06 13:53:02 INFO::Fitting model to feature number 320, T321
2024-02-06 13:53:02 INFO::Fitting model to feature number 321, T322
2024-02-06 13:53:02 INFO::Fitting model to feature number 322, T323
2024-02-06 13:53:02 INFO::Fitting model to feature number 323, T324
2024-02-06 13:53:02 INFO::Fitting model to feature number 324, T325
2024-02-06 13:53:02 INFO::Fitting model to feature number 325, T326
2024-02-06 13:53:02 INFO::Fitting model to feature number 326, T327
2024-02-06 13:53:02 INFO::Fitting model to feature number 327, T328
2024-02-06 13:53:02 INFO::Fitting model to feature number 328, T329
2024-02-06 13:53:02 INFO::Fitting model to feature number 329, T330
2024-02-06 13:53:02 INFO::Fitting model to feature number 330, T331
2024-02-06 13:53:02 INFO::Fitting model to feature number 331, T332
2024-02-06 13:53:02 INFO::Fitting model to feature number 332, T333
2024-02-06 13:53:02 INFO::Fitting model to feature number 333, T334
2024-02-06 13:53:02 INFO::Fitting model to feature number 334, T335
2024-02-06 13:53:02 INFO::Fitting model to feature number 335, T336
2024-02-06 13:53:02 INFO::Fitting model to feature number 336, T337
2024-02-06 13:53:02 INFO::Fitting model to feature number 337, T338
2024-02-06 13:53:02 INFO::Fitting model to feature number 338, T339
2024-02-06 13:53:02 INFO::Fitting model to feature number 339, T340
2024-02-06 13:53:02 INFO::Fitting model to feature number 340, T341
2024-02-06 13:53:02 INFO::Fitting model to feature number 341, T342
2024-02-06 13:53:02 INFO::Fitting model to feature number 342, T343
2024-02-06 13:53:02 INFO::Fitting model to feature number 343, T344
2024-02-06 13:53:02 INFO::Fitting model to feature number 344, T345
2024-02-06 13:53:02 INFO::Fitting model to feature number 345, T347
2024-02-06 13:53:02 INFO::Fitting model to feature number 346, T348
2024-02-06 13:53:02 INFO::Fitting model to feature number 347, T349
2024-02-06 13:53:02 INFO::Fitting model to feature number 348, T350
2024-02-06 13:53:02 INFO::Fitting model to feature number 349, T351
2024-02-06 13:53:02 INFO::Fitting model to feature number 350, T352
2024-02-06 13:53:02 INFO::Fitting model to feature number 351, T353
2024-02-06 13:53:02 INFO::Fitting model to feature number 352, T354
2024-02-06 13:53:02 INFO::Fitting model to feature number 353, T355
2024-02-06 13:53:02 INFO::Fitting model to feature number 354, T356
2024-02-06 13:53:02 INFO::Fitting model to feature number 355, T357
2024-02-06 13:53:02 INFO::Fitting model to feature number 356, T358
2024-02-06 13:53:02 INFO::Fitting model to feature number 357, T359
2024-02-06 13:53:02 INFO::Fitting model to feature number 358, T360
2024-02-06 13:53:02 INFO::Fitting model to feature number 359, T361
2024-02-06 13:53:02 INFO::Fitting model to feature number 360, T362
2024-02-06 13:53:02 INFO::Fitting model to feature number 361, T363
2024-02-06 13:53:02 INFO::Fitting model to feature number 362, T364
2024-02-06 13:53:02 INFO::Fitting model to feature number 363, T365
2024-02-06 13:53:02 INFO::Fitting model to feature number 364, T366
2024-02-06 13:53:02 INFO::Fitting model to feature number 365, T367
2024-02-06 13:53:02 INFO::Fitting model to feature number 366, T368
2024-02-06 13:53:02 INFO::Fitting model to feature number 367, T369
2024-02-06 13:53:02 INFO::Fitting model to feature number 368, T370
2024-02-06 13:53:02 INFO::Fitting model to feature number 369, T371
2024-02-06 13:53:02 INFO::Fitting model to feature number 370, T372
2024-02-06 13:53:02 INFO::Fitting model to feature number 371, T373
2024-02-06 13:53:02 INFO::Fitting model to feature number 372, T374
2024-02-06 13:53:02 INFO::Fitting model to feature number 373, T375
2024-02-06 13:53:02 INFO::Fitting model to feature number 374, T377
2024-02-06 13:53:02 INFO::Fitting model to feature number 375, T378
2024-02-06 13:53:02 INFO::Fitting model to feature number 376, T379
2024-02-06 13:53:02 INFO::Fitting model to feature number 377, T380
2024-02-06 13:53:02 INFO::Fitting model to feature number 378, T381
2024-02-06 13:53:02 INFO::Fitting model to feature number 379, T382
2024-02-06 13:53:02 INFO::Fitting model to feature number 380, T383
2024-02-06 13:53:02 INFO::Fitting model to feature number 381, T384
2024-02-06 13:53:02 INFO::Fitting model to feature number 382, T385
2024-02-06 13:53:02 INFO::Fitting model to feature number 383, T386
2024-02-06 13:53:02 INFO::Fitting model to feature number 384, T387
2024-02-06 13:53:02 INFO::Fitting model to feature number 385, T388
2024-02-06 13:53:02 INFO::Fitting model to feature number 386, T389
2024-02-06 13:53:02 INFO::Fitting model to feature number 387, T390
2024-02-06 13:53:02 INFO::Fitting model to feature number 388, T391
2024-02-06 13:53:02 INFO::Fitting model to feature number 389, T392
2024-02-06 13:53:02 INFO::Fitting model to feature number 390, T393
2024-02-06 13:53:02 INFO::Fitting model to feature number 391, T394
2024-02-06 13:53:02 INFO::Fitting model to feature number 392, T395
2024-02-06 13:53:02 INFO::Fitting model to feature number 393, T396
2024-02-06 13:53:02 INFO::Fitting model to feature number 394, T397
2024-02-06 13:53:02 INFO::Fitting model to feature number 395, T398
2024-02-06 13:53:02 INFO::Fitting model to feature number 396, T399
2024-02-06 13:53:02 INFO::Fitting model to feature number 397, T400
2024-02-06 13:53:02 INFO::Fitting model to feature number 398, T401
2024-02-06 13:53:02 INFO::Fitting model to feature number 399, T402
2024-02-06 13:53:02 INFO::Fitting model to feature number 400, T403
2024-02-06 13:53:02 INFO::Fitting model to feature number 401, T404
2024-02-06 13:53:02 INFO::Fitting model to feature number 402, T405
2024-02-06 13:53:02 INFO::Fitting model to feature number 403, T406
2024-02-06 13:53:02 INFO::Fitting model to feature number 404, T407
2024-02-06 13:53:02 INFO::Fitting model to feature number 405, T408
2024-02-06 13:53:02 INFO::Fitting model to feature number 406, T409
2024-02-06 13:53:02 INFO::Fitting model to feature number 407, T410
2024-02-06 13:53:02 INFO::Fitting model to feature number 408, T411
2024-02-06 13:53:02 INFO::Fitting model to feature number 409, T412
2024-02-06 13:53:02 INFO::Fitting model to feature number 410, T413
2024-02-06 13:53:02 INFO::Fitting model to feature number 411, T414
2024-02-06 13:53:02 INFO::Fitting model to feature number 412, T415
2024-02-06 13:53:02 INFO::Fitting model to feature number 413, T416
2024-02-06 13:53:02 INFO::Fitting model to feature number 414, T417
2024-02-06 13:53:02 INFO::Fitting model to feature number 415, T418
2024-02-06 13:53:02 INFO::Fitting model to feature number 416, T419
2024-02-06 13:53:02 INFO::Fitting model to feature number 417, T420
2024-02-06 13:53:02 INFO::Fitting model to feature number 418, T421
2024-02-06 13:53:02 INFO::Fitting model to feature number 419, T422
2024-02-06 13:53:02 INFO::Fitting model to feature number 420, T423
2024-02-06 13:53:02 INFO::Fitting model to feature number 421, T424
2024-02-06 13:53:02 INFO::Fitting model to feature number 422, T425
2024-02-06 13:53:02 INFO::Fitting model to feature number 423, T426
2024-02-06 13:53:02 INFO::Fitting model to feature number 424, T427
2024-02-06 13:53:02 INFO::Fitting model to feature number 425, T428
2024-02-06 13:53:02 INFO::Fitting model to feature number 426, T429
2024-02-06 13:53:03 INFO::Fitting model to feature number 427, T430
2024-02-06 13:53:03 INFO::Fitting model to feature number 428, T431
2024-02-06 13:53:03 INFO::Fitting model to feature number 429, T432
2024-02-06 13:53:03 INFO::Fitting model to feature number 430, T433
2024-02-06 13:53:03 INFO::Fitting model to feature number 431, T435
2024-02-06 13:53:03 INFO::Fitting model to feature number 432, T437
2024-02-06 13:53:03 INFO::Fitting model to feature number 433, T439
2024-02-06 13:53:03 INFO::Fitting model to feature number 434, T440
2024-02-06 13:53:03 INFO::Fitting model to feature number 435, T441
2024-02-06 13:53:03 INFO::Fitting model to feature number 436, T443
2024-02-06 13:53:03 INFO::Fitting model to feature number 437, T444
2024-02-06 13:53:03 INFO::Fitting model to feature number 438, T445
2024-02-06 13:53:03 INFO::Fitting model to feature number 439, T446
2024-02-06 13:53:03 INFO::Fitting model to feature number 440, T447
2024-02-06 13:53:03 INFO::Fitting model to feature number 441, T448
2024-02-06 13:53:03 INFO::Fitting model to feature number 442, T449
2024-02-06 13:53:03 INFO::Fitting model to feature number 443, T450
2024-02-06 13:53:03 INFO::Fitting model to feature number 444, T451
2024-02-06 13:53:03 INFO::Fitting model to feature number 445, T452
2024-02-06 13:53:03 INFO::Fitting model to feature number 446, T453
2024-02-06 13:53:03 INFO::Fitting model to feature number 447, T454
2024-02-06 13:53:03 INFO::Fitting model to feature number 448, T455
2024-02-06 13:53:03 INFO::Counting total values for each feature
2024-02-06 13:53:03 WARNING::Deleting existing residuals file: ./InputData/MMUPHin_lm_meta/FengQ_2015.metaphlan_bugs_list.stool/residuals.rds
2024-02-06 13:53:03 INFO::Writing residuals to file ./InputData/MMUPHin_lm_meta/FengQ_2015.metaphlan_bugs_list.stool/residuals.rds
2024-02-06 13:53:03 WARNING::Deleting existing fitted file: ./InputData/MMUPHin_lm_meta/FengQ_2015.metaphlan_bugs_list.stool/fitted.rds
2024-02-06 13:53:03 INFO::Writing fitted values to file ./InputData/MMUPHin_lm_meta/FengQ_2015.metaphlan_bugs_list.stool/fitted.rds
2024-02-06 13:53:03 INFO::Writing all results to file (ordered by increasing q-values): ./InputData/MMUPHin_lm_meta/FengQ_2015.metaphlan_bugs_list.stool/all_results.tsv
2024-02-06 13:53:03 INFO::Writing the significant results (those which are less than or equal to the threshold of 1.000000 ) to file (ordered by increasing q-values): ./InputData/MMUPHin_lm_meta/FengQ_2015.metaphlan_bugs_list.stool/significant_results.tsv
