2024-02-06 22:14:36.773755 INFO::Writing function arguments to log file
2024-02-06 22:14:36.774417 DEBUG::Function arguments
2024-02-06 22:14:36.774715 DEBUG::Output folder: ./InputData/MMUPHin_lm_meta/VogtmannE_2016.metaphlan_bugs_list.stool
2024-02-06 22:14:36.774945 DEBUG::Min Abundance: 0.000000
2024-02-06 22:14:36.775157 DEBUG::Min Prevalence: 0.000000
2024-02-06 22:14:36.775365 DEBUG::Normalization: TSS
2024-02-06 22:14:36.775572 DEBUG::Transform: AST
2024-02-06 22:14:36.775778 DEBUG::Analysis method: LM
2024-02-06 22:14:36.775981 DEBUG::Max significance: 1.000000
2024-02-06 22:14:36.776199 DEBUG::Random effects:
2024-02-06 22:14:36.776433 DEBUG::Fixed effects: E1,X1,X2,X3
2024-02-06 22:14:36.776637 DEBUG::Correction method: BH
2024-02-06 22:14:36.776846 DEBUG::Standardize: FALSE
2024-02-06 22:14:36.77705 DEBUG::Cores: 1
2024-02-06 22:14:36.777242 INFO::Verifying options selected are valid
2024-02-06 22:14:36.777672 INFO::Determining format of input files
2024-02-06 22:14:36.7781 INFO::Input format is data samples as columns and metadata samples as rows
2024-02-06 22:14:36.779675 DEBUG::Transformed data so samples are rows
2024-02-06 22:14:36.780438 DEBUG::A total of 104 samples were found in both the data and metadata
2024-02-06 22:14:36.78064 DEBUG::Reordering data/metadata to use same sample ordering
2024-02-06 22:14:36.7833 INFO::Formula for fixed effects: expr ~  E1 + X1 + X2 + X3
2024-02-06 22:14:36.783775 INFO::Factor detected for categorial metadata 'E1'. Provide a reference argument or manually set factor ordering to change reference level.
2024-02-06 22:14:36.784365 INFO::Filter data based on min abundance and min prevalence
2024-02-06 22:14:36.784783 INFO::Total samples in data: 104
2024-02-06 22:14:36.785167 INFO::Min samples required with min abundance for a feature not to be filtered: 0.000000
2024-02-06 22:14:36.789866 INFO::Total filtered features: 0
2024-02-06 22:14:36.790316 INFO::Filtered feature names from abundance and prevalence filtering:
2024-02-06 22:14:36.812281 INFO::Total filtered features with variance filtering: 0
2024-02-06 22:14:36.812897 INFO::Filtered feature names from variance filtering:
2024-02-06 22:14:36.813279 INFO::Running selected normalization method: TSS
2024-02-06 22:14:36.824998 INFO::Bypass z-score application to metadata
2024-02-06 22:14:36.825652 INFO::Running selected transform method: AST
2024-02-06 22:14:36.830638 INFO::Running selected analysis method: LM
2024-02-06 22:14:36.831227 INFO::Fitting model to feature number 1, T1
2024-02-06 22:14:36.833751 INFO::Fitting model to feature number 2, T2
2024-02-06 22:14:36.835766 INFO::Fitting model to feature number 3, T3
2024-02-06 22:14:36.83794 INFO::Fitting model to feature number 4, T4
2024-02-06 22:14:36.84028 INFO::Fitting model to feature number 5, T5
2024-02-06 22:14:36.842322 INFO::Fitting model to feature number 6, T6
2024-02-06 22:14:36.844308 INFO::Fitting model to feature number 7, T8
2024-02-06 22:14:36.846311 INFO::Fitting model to feature number 8, T9
2024-02-06 22:14:36.848484 INFO::Fitting model to feature number 9, T10
2024-02-06 22:14:36.850849 INFO::Fitting model to feature number 10, T11
2024-02-06 22:14:36.853033 INFO::Fitting model to feature number 11, T12
2024-02-06 22:14:36.855096 INFO::Fitting model to feature number 12, T13
2024-02-06 22:14:36.857101 INFO::Fitting model to feature number 13, T14
2024-02-06 22:14:36.859227 INFO::Fitting model to feature number 14, T15
2024-02-06 22:14:36.861555 INFO::Fitting model to feature number 15, T16
2024-02-06 22:14:36.863602 INFO::Fitting model to feature number 16, T17
2024-02-06 22:14:36.865605 INFO::Fitting model to feature number 17, T18
2024-02-06 22:14:36.867582 INFO::Fitting model to feature number 18, T19
2024-02-06 22:14:36.869631 INFO::Fitting model to feature number 19, T20
2024-02-06 22:14:36.871746 INFO::Fitting model to feature number 20, T21
2024-02-06 22:14:36.873764 INFO::Fitting model to feature number 21, T22
2024-02-06 22:14:36.875755 INFO::Fitting model to feature number 22, T23
2024-02-06 22:14:36.877761 INFO::Fitting model to feature number 23, T24
2024-02-06 22:14:36.879788 INFO::Fitting model to feature number 24, T25
2024-02-06 22:14:36.88212 INFO::Fitting model to feature number 25, T26
2024-02-06 22:14:36.884282 INFO::Fitting model to feature number 26, T27
2024-02-06 22:14:36.88632 INFO::Fitting model to feature number 27, T28
2024-02-06 22:14:36.888329 INFO::Fitting model to feature number 28, T29
2024-02-06 22:14:36.890333 INFO::Fitting model to feature number 29, T30
2024-02-06 22:14:36.892835 INFO::Fitting model to feature number 30, T31
2024-02-06 22:14:36.895085 INFO::Fitting model to feature number 31, T32
2024-02-06 22:14:36.897146 INFO::Fitting model to feature number 32, T34
2024-02-06 22:14:36.899221 INFO::Fitting model to feature number 33, T35
2024-02-06 22:14:36.90132 INFO::Fitting model to feature number 34, T36
2024-02-06 22:14:36.903694 INFO::Fitting model to feature number 35, T37
2024-02-06 22:14:36.905852 INFO::Fitting model to feature number 36, T38
2024-02-06 22:14:36.907964 INFO::Fitting model to feature number 37, T39
2024-02-06 22:14:36.910021 INFO::Fitting model to feature number 38, T41
2024-02-06 22:14:36.912091 INFO::Fitting model to feature number 39, T42
2024-02-06 22:14:36.914435 INFO::Fitting model to feature number 40, T43
2024-02-06 22:14:36.916509 INFO::Fitting model to feature number 41, T44
2024-02-06 22:14:36.918508 INFO::Fitting model to feature number 42, T46
2024-02-06 22:14:36.920531 INFO::Fitting model to feature number 43, T47
2024-02-06 22:14:36.922962 INFO::Fitting model to feature number 44, T48
2024-02-06 22:14:36.925439 INFO::Fitting model to feature number 45, T49
2024-02-06 22:14:36.927439 INFO::Fitting model to feature number 46, T50
2024-02-06 22:14:36.929724 INFO::Fitting model to feature number 47, T51
2024-02-06 22:14:36.932053 INFO::Fitting model to feature number 48, T52
2024-02-06 22:14:36.93477 INFO::Fitting model to feature number 49, T53
2024-02-06 22:14:36.937448 INFO::Fitting model to feature number 50, T54
2024-02-06 22:14:36.93991 INFO::Fitting model to feature number 51, T55
2024-02-06 22:14:36.942323 INFO::Fitting model to feature number 52, T56
2024-02-06 22:14:36.944573 INFO::Fitting model to feature number 53, T57
2024-02-06 22:14:36.946799 INFO::Fitting model to feature number 54, T58
2024-02-06 22:14:36.94887 INFO::Fitting model to feature number 55, T59
2024-02-06 22:14:36.950937 INFO::Fitting model to feature number 56, T60
2024-02-06 22:14:36.95303 INFO::Fitting model to feature number 57, T61
2024-02-06 22:14:36.955154 INFO::Fitting model to feature number 58, T62
2024-02-06 22:14:36.957442 INFO::Fitting model to feature number 59, T63
2024-02-06 22:14:36.959493 INFO::Fitting model to feature number 60, T64
2024-02-06 22:14:36.961541 INFO::Fitting model to feature number 61, T65
2024-02-06 22:14:36.963569 INFO::Fitting model to feature number 62, T66
2024-02-06 22:14:36.965673 INFO::Fitting model to feature number 63, T67
2024-02-06 22:14:36.967829 INFO::Fitting model to feature number 64, T68
2024-02-06 22:14:36.969856 INFO::Fitting model to feature number 65, T69
2024-02-06 22:14:36.97189 INFO::Fitting model to feature number 66, T70
2024-02-06 22:14:36.973908 INFO::Fitting model to feature number 67, T71
2024-02-06 22:14:36.975922 INFO::Fitting model to feature number 68, T72
2024-02-06 22:14:36.978237 INFO::Fitting model to feature number 69, T73
2024-02-06 22:14:36.98036 INFO::Fitting model to feature number 70, T74
2024-02-06 22:14:36.982371 INFO::Fitting model to feature number 71, T75
2024-02-06 22:14:36.984371 INFO::Fitting model to feature number 72, T76
2024-02-06 22:14:36.986448 INFO::Fitting model to feature number 73, T77
2024-02-06 22:14:36.988632 INFO::Fitting model to feature number 74, T78
2024-02-06 22:14:36.990676 INFO::Fitting model to feature number 75, T79
2024-02-06 22:14:36.992674 INFO::Fitting model to feature number 76, T80
2024-02-06 22:14:36.994686 INFO::Fitting model to feature number 77, T81
2024-02-06 22:14:36.996704 INFO::Fitting model to feature number 78, T82
2024-02-06 22:14:36.998938 INFO::Fitting model to feature number 79, T83
2024-02-06 22:14:37.001156 INFO::Fitting model to feature number 80, T84
2024-02-06 22:14:37.003165 INFO::Fitting model to feature number 81, T85
2024-02-06 22:14:37.005197 INFO::Fitting model to feature number 82, T86
2024-02-06 22:14:37.007223 INFO::Fitting model to feature number 83, T87
2024-02-06 22:14:37.009405 INFO::Fitting model to feature number 84, T88
2024-02-06 22:14:37.01152 INFO::Fitting model to feature number 85, T89
2024-02-06 22:14:37.013532 INFO::Fitting model to feature number 86, T90
2024-02-06 22:14:37.01559 INFO::Fitting model to feature number 87, T91
2024-02-06 22:14:37.017595 INFO::Fitting model to feature number 88, T92
2024-02-06 22:14:37.019814 INFO::Fitting model to feature number 89, T94
2024-02-06 22:14:37.022043 INFO::Fitting model to feature number 90, T95
2024-02-06 22:14:37.024067 INFO::Fitting model to feature number 91, T96
2024-02-06 22:14:37.026096 INFO::Fitting model to feature number 92, T97
2024-02-06 22:14:37.028114 INFO::Fitting model to feature number 93, T98
2024-02-06 22:14:37.030247 INFO::Fitting model to feature number 94, T99
2024-02-06 22:14:37.032318 INFO::Fitting model to feature number 95, T100
2024-02-06 22:14:37.034369 INFO::Fitting model to feature number 96, T101
2024-02-06 22:14:37.036439 INFO::Fitting model to feature number 97, T102
2024-02-06 22:14:37.038499 INFO::Fitting model to feature number 98, T103
2024-02-06 22:14:37.040669 INFO::Fitting model to feature number 99, T104
2024-02-06 22:14:37.043002 INFO::Fitting model to feature number 100, T105
2024-02-06 22:14:37.04502 INFO::Fitting model to feature number 101, T107
2024-02-06 22:14:37.047036 INFO::Fitting model to feature number 102, T108
2024-02-06 22:14:37.049012 INFO::Fitting model to feature number 103, T109
2024-02-06 22:14:37.051078 INFO::Fitting model to feature number 104, T111
2024-02-06 22:14:37.053375 INFO::Fitting model to feature number 105, T112
2024-02-06 22:14:37.055436 INFO::Fitting model to feature number 106, T113
2024-02-06 22:14:37.057456 INFO::Fitting model to feature number 107, T114
2024-02-06 22:14:37.059451 INFO::Fitting model to feature number 108, T115
2024-02-06 22:14:37.061478 INFO::Fitting model to feature number 109, T116
2024-02-06 22:14:37.063638 INFO::Fitting model to feature number 110, T117
2024-02-06 22:14:37.065667 INFO::Fitting model to feature number 111, T118
2024-02-06 22:14:37.067649 INFO::Fitting model to feature number 112, T119
2024-02-06 22:14:37.069643 INFO::Fitting model to feature number 113, T120
2024-02-06 22:14:37.071669 INFO::Fitting model to feature number 114, T121
2024-02-06 22:14:37.074103 INFO::Fitting model to feature number 115, T122
2024-02-06 22:14:37.076331 INFO::Fitting model to feature number 116, T124
2024-02-06 22:14:37.078387 INFO::Fitting model to feature number 117, T125
2024-02-06 22:14:37.08041 INFO::Fitting model to feature number 118, T126
2024-02-06 22:14:37.082418 INFO::Fitting model to feature number 119, T127
2024-02-06 22:14:37.084826 INFO::Fitting model to feature number 120, T128
2024-02-06 22:14:37.086963 INFO::Fitting model to feature number 121, T129
2024-02-06 22:14:37.088991 INFO::Fitting model to feature number 122, T130
2024-02-06 22:14:37.091079 INFO::Fitting model to feature number 123, T132
2024-02-06 22:14:37.093215 INFO::Fitting model to feature number 124, T133
2024-02-06 22:14:37.095681 INFO::Fitting model to feature number 125, T134
2024-02-06 22:14:37.097877 INFO::Fitting model to feature number 126, T135
2024-02-06 22:14:37.099907 INFO::Fitting model to feature number 127, T137
2024-02-06 22:14:37.101917 INFO::Fitting model to feature number 128, T138
2024-02-06 22:14:37.103941 INFO::Fitting model to feature number 129, T139
2024-02-06 22:14:37.106234 INFO::Fitting model to feature number 130, T140
2024-02-06 22:14:37.1083 INFO::Fitting model to feature number 131, T141
2024-02-06 22:14:37.110316 INFO::Fitting model to feature number 132, T143
2024-02-06 22:14:37.11231 INFO::Fitting model to feature number 133, T145
2024-02-06 22:14:37.114338 INFO::Fitting model to feature number 134, T147
2024-02-06 22:14:37.116723 INFO::Fitting model to feature number 135, T148
2024-02-06 22:14:37.118971 INFO::Fitting model to feature number 136, T149
2024-02-06 22:14:37.121002 INFO::Fitting model to feature number 137, T150
2024-02-06 22:14:37.123 INFO::Fitting model to feature number 138, T151
2024-02-06 22:14:37.124966 INFO::Fitting model to feature number 139, T153
2024-02-06 22:14:37.127174 INFO::Fitting model to feature number 140, T154
2024-02-06 22:14:37.12924 INFO::Fitting model to feature number 141, T155
2024-02-06 22:14:37.131218 INFO::Fitting model to feature number 142, T156
2024-02-06 22:14:37.133174 INFO::Fitting model to feature number 143, T157
2024-02-06 22:14:37.135149 INFO::Fitting model to feature number 144, T158
2024-02-06 22:14:37.137864 INFO::Fitting model to feature number 145, T159
2024-02-06 22:14:37.140216 INFO::Fitting model to feature number 146, T160
2024-02-06 22:14:37.142265 INFO::Fitting model to feature number 147, T161
2024-02-06 22:14:37.144395 INFO::Fitting model to feature number 148, T162
2024-02-06 22:14:37.14659 INFO::Fitting model to feature number 149, T163
2024-02-06 22:14:37.149058 INFO::Fitting model to feature number 150, T165
2024-02-06 22:14:37.151223 INFO::Fitting model to feature number 151, T166
2024-02-06 22:14:37.153387 INFO::Fitting model to feature number 152, T167
2024-02-06 22:14:37.155414 INFO::Fitting model to feature number 153, T168
2024-02-06 22:14:37.15745 INFO::Fitting model to feature number 154, T169
2024-02-06 22:14:37.159969 INFO::Fitting model to feature number 155, T170
2024-02-06 22:14:37.162199 INFO::Fitting model to feature number 156, T171
2024-02-06 22:14:37.164311 INFO::Fitting model to feature number 157, T172
2024-02-06 22:14:37.166385 INFO::Fitting model to feature number 158, T173
2024-02-06 22:14:37.168657 INFO::Fitting model to feature number 159, T174
2024-02-06 22:14:37.170999 INFO::Fitting model to feature number 160, T175
2024-02-06 22:14:37.173261 INFO::Fitting model to feature number 161, T176
2024-02-06 22:14:37.175415 INFO::Fitting model to feature number 162, T177
2024-02-06 22:14:37.177502 INFO::Fitting model to feature number 163, T178
2024-02-06 22:14:37.179833 INFO::Fitting model to feature number 164, T179
2024-02-06 22:14:37.182257 INFO::Fitting model to feature number 165, T180
2024-02-06 22:14:37.184431 INFO::Fitting model to feature number 166, T181
2024-02-06 22:14:37.18652 INFO::Fitting model to feature number 167, T182
2024-02-06 22:14:37.188761 INFO::Fitting model to feature number 168, T183
2024-02-06 22:14:37.19135 INFO::Fitting model to feature number 169, T184
2024-02-06 22:14:37.19346 INFO::Fitting model to feature number 170, T185
2024-02-06 22:14:37.195432 INFO::Fitting model to feature number 171, T186
2024-02-06 22:14:37.197383 INFO::Fitting model to feature number 172, T187
2024-02-06 22:14:37.199433 INFO::Fitting model to feature number 173, T188
2024-02-06 22:14:37.201776 INFO::Fitting model to feature number 174, T189
2024-02-06 22:14:37.204001 INFO::Fitting model to feature number 175, T190
2024-02-06 22:14:37.206026 INFO::Fitting model to feature number 176, T191
2024-02-06 22:14:37.208069 INFO::Fitting model to feature number 177, T192
2024-02-06 22:14:37.210096 INFO::Fitting model to feature number 178, T193
2024-02-06 22:14:37.212336 INFO::Fitting model to feature number 179, T194
2024-02-06 22:14:37.21451 INFO::Fitting model to feature number 180, T195
2024-02-06 22:14:37.216567 INFO::Fitting model to feature number 181, T196
2024-02-06 22:14:37.220389 INFO::Fitting model to feature number 182, T197
2024-02-06 22:14:37.222937 INFO::Fitting model to feature number 183, T198
2024-02-06 22:14:37.225371 INFO::Fitting model to feature number 184, T199
2024-02-06 22:14:37.227665 INFO::Fitting model to feature number 185, T200
2024-02-06 22:14:37.229947 INFO::Fitting model to feature number 186, T201
2024-02-06 22:14:37.232311 INFO::Fitting model to feature number 187, T202
2024-02-06 22:14:37.234644 INFO::Fitting model to feature number 188, T204
2024-02-06 22:14:37.236665 INFO::Fitting model to feature number 189, T205
2024-02-06 22:14:37.241423 INFO::Fitting model to feature number 190, T206
2024-02-06 22:14:37.243671 INFO::Fitting model to feature number 191, T207
2024-02-06 22:14:37.245878 INFO::Fitting model to feature number 192, T208
2024-02-06 22:14:37.247918 INFO::Fitting model to feature number 193, T209
2024-02-06 22:14:37.250008 INFO::Fitting model to feature number 194, T210
2024-02-06 22:14:37.252355 INFO::Fitting model to feature number 195, T212
2024-02-06 22:14:37.255055 INFO::Fitting model to feature number 196, T213
2024-02-06 22:14:37.257706 INFO::Fitting model to feature number 197, T214
2024-02-06 22:14:37.260141 INFO::Fitting model to feature number 198, T216
2024-02-06 22:14:37.26258 INFO::Fitting model to feature number 199, T217
2024-02-06 22:14:37.264967 INFO::Fitting model to feature number 200, T218
2024-02-06 22:14:37.267287 INFO::Fitting model to feature number 201, T219
2024-02-06 22:14:37.269404 INFO::Fitting model to feature number 202, T220
2024-02-06 22:14:37.271477 INFO::Fitting model to feature number 203, T221
2024-02-06 22:14:37.273572 INFO::Fitting model to feature number 204, T222
2024-02-06 22:14:37.275829 INFO::Fitting model to feature number 205, T223
2024-02-06 22:14:37.278135 INFO::Fitting model to feature number 206, T224
2024-02-06 22:14:37.280195 INFO::Fitting model to feature number 207, T225
2024-02-06 22:14:37.28227 INFO::Fitting model to feature number 208, T226
2024-02-06 22:14:37.284387 INFO::Fitting model to feature number 209, T228
2024-02-06 22:14:37.286737 INFO::Fitting model to feature number 210, T229
2024-02-06 22:14:37.288939 INFO::Fitting model to feature number 211, T230
2024-02-06 22:14:37.291376 INFO::Fitting model to feature number 212, T231
2024-02-06 22:14:37.2943 INFO::Fitting model to feature number 213, T232
2024-02-06 22:14:37.296538 INFO::Fitting model to feature number 214, T233
2024-02-06 22:14:37.298875 INFO::Fitting model to feature number 215, T234
2024-02-06 22:14:37.300936 INFO::Fitting model to feature number 216, T235
2024-02-06 22:14:37.30298 INFO::Fitting model to feature number 217, T236
2024-02-06 22:14:37.305024 INFO::Fitting model to feature number 218, T237
2024-02-06 22:14:37.346813 INFO::Fitting model to feature number 219, T238
2024-02-06 22:14:37.349506 INFO::Fitting model to feature number 220, T239
2024-02-06 22:14:37.353615 INFO::Fitting model to feature number 221, T240
2024-02-06 22:14:37.3559 INFO::Fitting model to feature number 222, T241
2024-02-06 22:14:37.357884 INFO::Fitting model to feature number 223, T242
2024-02-06 22:14:37.359894 INFO::Fitting model to feature number 224, T244
2024-02-06 22:14:37.362292 INFO::Fitting model to feature number 225, T245
2024-02-06 22:14:37.36448 INFO::Fitting model to feature number 226, T246
2024-02-06 22:14:37.366464 INFO::Fitting model to feature number 227, T247
2024-02-06 22:14:37.368423 INFO::Fitting model to feature number 228, T248
2024-02-06 22:14:37.370397 INFO::Fitting model to feature number 229, T249
2024-02-06 22:14:37.372872 INFO::Fitting model to feature number 230, T250
2024-02-06 22:14:37.375114 INFO::Fitting model to feature number 231, T251
2024-02-06 22:14:37.37717 INFO::Fitting model to feature number 232, T252
2024-02-06 22:14:37.379282 INFO::Fitting model to feature number 233, T253
2024-02-06 22:14:37.381398 INFO::Fitting model to feature number 234, T254
2024-02-06 22:14:37.383731 INFO::Fitting model to feature number 235, T255
2024-02-06 22:14:37.385939 INFO::Fitting model to feature number 236, T256
2024-02-06 22:14:37.388015 INFO::Fitting model to feature number 237, T257
2024-02-06 22:14:37.390081 INFO::Fitting model to feature number 238, T258
2024-02-06 22:14:37.394372 INFO::Fitting model to feature number 239, T259
2024-02-06 22:14:37.40303 INFO::Fitting model to feature number 240, T260
2024-02-06 22:14:37.405355 INFO::Fitting model to feature number 241, T261
2024-02-06 22:14:37.409592 INFO::Fitting model to feature number 242, T262
2024-02-06 22:14:37.411756 INFO::Fitting model to feature number 243, T263
2024-02-06 22:14:37.413898 INFO::Fitting model to feature number 244, T264
2024-02-06 22:14:37.416287 INFO::Fitting model to feature number 245, T265
2024-02-06 22:14:37.418377 INFO::Fitting model to feature number 246, T266
2024-02-06 22:14:37.420447 INFO::Fitting model to feature number 247, T267
2024-02-06 22:14:37.422468 INFO::Fitting model to feature number 248, T268
2024-02-06 22:14:37.424643 INFO::Fitting model to feature number 249, T269
2024-02-06 22:14:37.426817 INFO::Fitting model to feature number 250, T270
2024-02-06 22:14:37.431392 INFO::Fitting model to feature number 251, T271
2024-02-06 22:14:37.433473 INFO::Fitting model to feature number 252, T272
2024-02-06 22:14:37.435632 INFO::Fitting model to feature number 253, T273
2024-02-06 22:14:37.437993 INFO::Fitting model to feature number 254, T274
2024-02-06 22:14:37.440071 INFO::Fitting model to feature number 255, T275
2024-02-06 22:14:37.442056 INFO::Fitting model to feature number 256, T276
2024-02-06 22:14:37.44412 INFO::Fitting model to feature number 257, T277
2024-02-06 22:14:37.446309 INFO::Fitting model to feature number 258, T278
2024-02-06 22:14:37.448419 INFO::Fitting model to feature number 259, T280
2024-02-06 22:14:37.450428 INFO::Fitting model to feature number 260, T282
2024-02-06 22:14:37.452553 INFO::Fitting model to feature number 261, T283
2024-02-06 22:14:37.45462 INFO::Fitting model to feature number 262, T284
2024-02-06 22:14:37.456823 INFO::Fitting model to feature number 263, T285
2024-02-06 22:14:37.461327 INFO::Fitting model to feature number 264, T286
2024-02-06 22:14:37.463587 INFO::Fitting model to feature number 265, T287
2024-02-06 22:14:37.465632 INFO::Fitting model to feature number 266, T288
2024-02-06 22:14:37.467904 INFO::Fitting model to feature number 267, T289
2024-02-06 22:14:37.470083 INFO::Fitting model to feature number 268, T290
2024-02-06 22:14:37.4722 INFO::Fitting model to feature number 269, T291
2024-02-06 22:14:37.474286 INFO::Fitting model to feature number 270, T293
2024-02-06 22:14:37.476457 INFO::Fitting model to feature number 271, T294
2024-02-06 22:14:37.478818 INFO::Fitting model to feature number 272, T295
2024-02-06 22:14:37.481093 INFO::Fitting model to feature number 273, T296
2024-02-06 22:14:37.483134 INFO::Fitting model to feature number 274, T297
2024-02-06 22:14:37.485186 INFO::Fitting model to feature number 275, T299
2024-02-06 22:14:37.487189 INFO::Fitting model to feature number 276, T300
2024-02-06 22:14:37.489461 INFO::Fitting model to feature number 277, T301
2024-02-06 22:14:37.491533 INFO::Fitting model to feature number 278, T303
2024-02-06 22:14:37.498305 INFO::Fitting model to feature number 279, T304
2024-02-06 22:14:37.500576 INFO::Fitting model to feature number 280, T305
2024-02-06 22:14:37.502727 INFO::Fitting model to feature number 281, T306
2024-02-06 22:14:37.504723 INFO::Fitting model to feature number 282, T307
2024-02-06 22:14:37.506741 INFO::Fitting model to feature number 283, T308
2024-02-06 22:14:37.508782 INFO::Fitting model to feature number 284, T310
2024-02-06 22:14:37.510999 INFO::Fitting model to feature number 285, T311
2024-02-06 22:14:37.513103 INFO::Fitting model to feature number 286, T313
2024-02-06 22:14:37.515106 INFO::Fitting model to feature number 287, T315
2024-02-06 22:14:37.517093 INFO::Fitting model to feature number 288, T316
2024-02-06 22:14:37.519187 INFO::Fitting model to feature number 289, T317
2024-02-06 22:14:37.521456 INFO::Fitting model to feature number 290, T319
2024-02-06 22:14:37.523676 INFO::Fitting model to feature number 291, T321
2024-02-06 22:14:37.525671 INFO::Fitting model to feature number 292, T322
2024-02-06 22:14:37.527725 INFO::Fitting model to feature number 293, T323
2024-02-06 22:14:37.529764 INFO::Fitting model to feature number 294, T324
2024-02-06 22:14:37.532026 INFO::Fitting model to feature number 295, T325
2024-02-06 22:14:37.534852 INFO::Fitting model to feature number 296, T326
2024-02-06 22:14:37.537969 INFO::Fitting model to feature number 297, T327
2024-02-06 22:14:37.540035 INFO::Fitting model to feature number 298, T328
2024-02-06 22:14:37.54228 INFO::Fitting model to feature number 299, T329
2024-02-06 22:14:37.544488 INFO::Fitting model to feature number 300, T330
2024-02-06 22:14:37.546504 INFO::Fitting model to feature number 301, T331
2024-02-06 22:14:37.548498 INFO::Fitting model to feature number 302, T332
2024-02-06 22:14:37.550473 INFO::Fitting model to feature number 303, T333
2024-02-06 22:14:37.552762 INFO::Fitting model to feature number 304, T334
2024-02-06 22:14:37.55512 INFO::Fitting model to feature number 305, T335
2024-02-06 22:14:37.55726 INFO::Fitting model to feature number 306, T336
2024-02-06 22:14:37.559355 INFO::Fitting model to feature number 307, T338
2024-02-06 22:14:37.561475 INFO::Fitting model to feature number 308, T339
2024-02-06 22:14:37.563703 INFO::Fitting model to feature number 309, T340
2024-02-06 22:14:37.565871 INFO::Fitting model to feature number 310, T341
2024-02-06 22:14:37.567948 INFO::Fitting model to feature number 311, T343
2024-02-06 22:14:37.569999 INFO::Fitting model to feature number 312, T344
2024-02-06 22:14:37.57207 INFO::Fitting model to feature number 313, T345
2024-02-06 22:14:37.5743 INFO::Fitting model to feature number 314, T347
2024-02-06 22:14:37.576656 INFO::Fitting model to feature number 315, T350
2024-02-06 22:14:37.578691 INFO::Fitting model to feature number 316, T351
2024-02-06 22:14:37.580713 INFO::Fitting model to feature number 317, T352
2024-02-06 22:14:37.582968 INFO::Fitting model to feature number 318, T353
2024-02-06 22:14:37.587019 INFO::Fitting model to feature number 319, T354
2024-02-06 22:14:37.589119 INFO::Fitting model to feature number 320, T355
2024-02-06 22:14:37.591163 INFO::Fitting model to feature number 321, T356
2024-02-06 22:14:37.593178 INFO::Fitting model to feature number 322, T357
2024-02-06 22:14:37.595333 INFO::Fitting model to feature number 323, T358
2024-02-06 22:14:37.597626 INFO::Fitting model to feature number 324, T360
2024-02-06 22:14:37.599599 INFO::Fitting model to feature number 325, T361
2024-02-06 22:14:37.601528 INFO::Fitting model to feature number 326, T362
2024-02-06 22:14:37.603519 INFO::Fitting model to feature number 327, T363
2024-02-06 22:14:37.605537 INFO::Fitting model to feature number 328, T364
2024-02-06 22:14:37.607658 INFO::Fitting model to feature number 329, T365
2024-02-06 22:14:37.609706 INFO::Fitting model to feature number 330, T366
2024-02-06 22:14:37.611726 INFO::Fitting model to feature number 331, T367
2024-02-06 22:14:37.613713 INFO::Fitting model to feature number 332, T368
2024-02-06 22:14:37.616869 INFO::Fitting model to feature number 333, T369
2024-02-06 22:14:37.619257 INFO::Fitting model to feature number 334, T370
2024-02-06 22:14:37.621299 INFO::Fitting model to feature number 335, T372
2024-02-06 22:14:37.62332 INFO::Fitting model to feature number 336, T373
2024-02-06 22:14:37.625329 INFO::Fitting model to feature number 337, T375
2024-02-06 22:14:37.62753 INFO::Fitting model to feature number 338, T376
2024-02-06 22:14:37.629655 INFO::Fitting model to feature number 339, T377
2024-02-06 22:14:37.631755 INFO::Fitting model to feature number 340, T378
2024-02-06 22:14:37.63379 INFO::Fitting model to feature number 341, T379
2024-02-06 22:14:37.635794 INFO::Fitting model to feature number 342, T381
2024-02-06 22:14:37.638052 INFO::Fitting model to feature number 343, T383
2024-02-06 22:14:37.640561 INFO::Fitting model to feature number 344, T385
2024-02-06 22:14:37.642636 INFO::Fitting model to feature number 345, T386
2024-02-06 22:14:37.644671 INFO::Fitting model to feature number 346, T387
2024-02-06 22:14:37.646816 INFO::Fitting model to feature number 347, T388
2024-02-06 22:14:37.649167 INFO::Fitting model to feature number 348, T389
2024-02-06 22:14:37.651559 INFO::Fitting model to feature number 349, T390
2024-02-06 22:14:37.653696 INFO::Fitting model to feature number 350, T391
2024-02-06 22:14:37.655695 INFO::Fitting model to feature number 351, T392
2024-02-06 22:14:37.657709 INFO::Fitting model to feature number 352, T393
2024-02-06 22:14:37.659953 INFO::Fitting model to feature number 353, T394
2024-02-06 22:14:37.662205 INFO::Fitting model to feature number 354, T395
2024-02-06 22:14:37.664364 INFO::Fitting model to feature number 355, T396
2024-02-06 22:14:37.666484 INFO::Fitting model to feature number 356, T397
2024-02-06 22:14:37.668572 INFO::Fitting model to feature number 357, T398
2024-02-06 22:14:37.670755 INFO::Fitting model to feature number 358, T399
2024-02-06 22:14:37.67283 INFO::Fitting model to feature number 359, T401
2024-02-06 22:14:37.674844 INFO::Fitting model to feature number 360, T402
2024-02-06 22:14:37.676837 INFO::Fitting model to feature number 361, T404
2024-02-06 22:14:37.679129 INFO::Fitting model to feature number 362, T405
2024-02-06 22:14:37.681345 INFO::Fitting model to feature number 363, T406
2024-02-06 22:14:37.683586 INFO::Fitting model to feature number 364, T407
2024-02-06 22:14:37.685689 INFO::Fitting model to feature number 365, T408
2024-02-06 22:14:37.687689 INFO::Fitting model to feature number 366, T409
2024-02-06 22:14:37.689734 INFO::Fitting model to feature number 367, T410
2024-02-06 22:14:37.691967 INFO::Fitting model to feature number 368, T411
2024-02-06 22:14:37.694296 INFO::Fitting model to feature number 369, T412
2024-02-06 22:14:37.696296 INFO::Fitting model to feature number 370, T413
2024-02-06 22:14:37.698256 INFO::Fitting model to feature number 371, T415
2024-02-06 22:14:37.700369 INFO::Fitting model to feature number 372, T417
2024-02-06 22:14:37.719857 INFO::Fitting model to feature number 373, T418
2024-02-06 22:14:37.722079 INFO::Fitting model to feature number 374, T419
2024-02-06 22:14:37.724508 INFO::Fitting model to feature number 375, T420
2024-02-06 22:14:37.726606 INFO::Fitting model to feature number 376, T421
2024-02-06 22:14:37.728563 INFO::Fitting model to feature number 377, T422
2024-02-06 22:14:37.730543 INFO::Fitting model to feature number 378, T423
2024-02-06 22:14:37.732569 INFO::Fitting model to feature number 379, T425
2024-02-06 22:14:37.73479 INFO::Fitting model to feature number 380, T426
2024-02-06 22:14:37.737065 INFO::Fitting model to feature number 381, T427
2024-02-06 22:14:37.739051 INFO::Fitting model to feature number 382, T428
2024-02-06 22:14:37.74107 INFO::Fitting model to feature number 383, T429
2024-02-06 22:14:37.743028 INFO::Fitting model to feature number 384, T430
2024-02-06 22:14:37.745235 INFO::Fitting model to feature number 385, T431
2024-02-06 22:14:37.747432 INFO::Fitting model to feature number 386, T432
2024-02-06 22:14:37.749484 INFO::Fitting model to feature number 387, T433
2024-02-06 22:14:37.751617 INFO::Fitting model to feature number 388, T434
2024-02-06 22:14:37.753693 INFO::Fitting model to feature number 389, T435
2024-02-06 22:14:37.755971 INFO::Fitting model to feature number 390, T436
2024-02-06 22:14:37.758191 INFO::Fitting model to feature number 391, T437
2024-02-06 22:14:37.760211 INFO::Fitting model to feature number 392, T438
2024-02-06 22:14:37.76223 INFO::Fitting model to feature number 393, T439
2024-02-06 22:14:37.764249 INFO::Fitting model to feature number 394, T440
2024-02-06 22:14:37.766492 INFO::Fitting model to feature number 395, T441
2024-02-06 22:14:37.76863 INFO::Fitting model to feature number 396, T443
2024-02-06 22:14:37.770579 INFO::Fitting model to feature number 397, T444
2024-02-06 22:14:37.772514 INFO::Fitting model to feature number 398, T445
2024-02-06 22:14:37.774487 INFO::Fitting model to feature number 399, T446
2024-02-06 22:14:37.776571 INFO::Fitting model to feature number 400, T449
2024-02-06 22:14:37.778876 INFO::Fitting model to feature number 401, T450
2024-02-06 22:14:37.780882 INFO::Fitting model to feature number 402, T451
2024-02-06 22:14:37.782845 INFO::Fitting model to feature number 403, T452
2024-02-06 22:14:37.785054 INFO::Fitting model to feature number 404, T453
2024-02-06 22:14:37.792172 INFO::Fitting model to feature number 405, T454
2024-02-06 22:14:37.794312 INFO::Fitting model to feature number 406, T455
2024-02-06 22:14:37.796264 INFO::Fitting model to feature number 407, T456
2024-02-06 22:14:37.798458 INFO::Fitting model to feature number 408, T457
2024-02-06 22:14:37.800753 INFO::Fitting model to feature number 409, T458
2024-02-06 22:14:37.802737 INFO::Fitting model to feature number 410, T459
2024-02-06 22:14:37.804733 INFO::Fitting model to feature number 411, T460
2024-02-06 22:14:37.806696 INFO::Fitting model to feature number 412, T461
2024-02-06 22:14:37.8089 INFO::Fitting model to feature number 413, T462
2024-02-06 22:14:37.811097 INFO::Fitting model to feature number 414, T463
2024-02-06 22:14:37.813186 INFO::Fitting model to feature number 415, T464
2024-02-06 22:14:37.815231 INFO::Fitting model to feature number 416, T465
2024-02-06 22:14:37.817245 INFO::Fitting model to feature number 417, T466
2024-02-06 22:14:37.819596 INFO::Fitting model to feature number 418, T467
2024-02-06 22:14:37.821938 INFO::Fitting model to feature number 419, T468
2024-02-06 22:14:37.823918 INFO::Fitting model to feature number 420, T469
2024-02-06 22:14:37.825853 INFO::Fitting model to feature number 421, T470
2024-02-06 22:14:37.827832 INFO::Fitting model to feature number 422, T471
2024-02-06 22:14:37.829908 INFO::Fitting model to feature number 423, T472
2024-02-06 22:14:37.832003 INFO::Fitting model to feature number 424, T473
2024-02-06 22:14:37.833964 INFO::Fitting model to feature number 425, T474
2024-02-06 22:14:37.835909 INFO::Fitting model to feature number 426, T475
2024-02-06 22:14:37.837873 INFO::Fitting model to feature number 427, T476
2024-02-06 22:14:37.839836 INFO::Fitting model to feature number 428, T477
2024-02-06 22:14:37.899494 INFO::Counting total values for each feature
2024-02-06 22:14:37.958848 WARNING::Deleting existing residuals file: ./InputData/MMUPHin_lm_meta/VogtmannE_2016.metaphlan_bugs_list.stool/residuals.rds
2024-02-06 22:14:37.959897 INFO::Writing residuals to file ./InputData/MMUPHin_lm_meta/VogtmannE_2016.metaphlan_bugs_list.stool/residuals.rds
2024-02-06 22:14:37.972517 WARNING::Deleting existing fitted file: ./InputData/MMUPHin_lm_meta/VogtmannE_2016.metaphlan_bugs_list.stool/fitted.rds
2024-02-06 22:14:37.973326 INFO::Writing fitted values to file ./InputData/MMUPHin_lm_meta/VogtmannE_2016.metaphlan_bugs_list.stool/fitted.rds
2024-02-06 22:14:37.986047 INFO::Writing all results to file (ordered by increasing q-values): ./InputData/MMUPHin_lm_meta/VogtmannE_2016.metaphlan_bugs_list.stool/all_results.tsv
2024-02-06 22:14:38.003535 INFO::Writing the significant results (those which are less than or equal to the threshold of 1.000000 ) to file (ordered by increasing q-values): ./InputData/MMUPHin_lm_meta/VogtmannE_2016.metaphlan_bugs_list.stool/significant_results.tsv
