2024-02-06 22:14:36.206705 INFO::Writing function arguments to log file
2024-02-06 22:14:36.207298 DEBUG::Function arguments
2024-02-06 22:14:36.207536 DEBUG::Output folder: ./InputData/MMUPHin_lm_meta/HanniganGD_2017.metaphlan_bugs_list.stool
2024-02-06 22:14:36.207759 DEBUG::Min Abundance: 0.000000
2024-02-06 22:14:36.207989 DEBUG::Min Prevalence: 0.000000
2024-02-06 22:14:36.208251 DEBUG::Normalization: TSS
2024-02-06 22:14:36.208489 DEBUG::Transform: AST
2024-02-06 22:14:36.208737 DEBUG::Analysis method: LM
2024-02-06 22:14:36.208959 DEBUG::Max significance: 1.000000
2024-02-06 22:14:36.209178 DEBUG::Random effects:
2024-02-06 22:14:36.20939 DEBUG::Fixed effects: E1
2024-02-06 22:14:36.209594 DEBUG::Correction method: BH
2024-02-06 22:14:36.209806 DEBUG::Standardize: FALSE
2024-02-06 22:14:36.210016 DEBUG::Cores: 1
2024-02-06 22:14:36.210217 INFO::Verifying options selected are valid
2024-02-06 22:14:36.21066 INFO::Determining format of input files
2024-02-06 22:14:36.21109 INFO::Input format is data samples as columns and metadata samples as rows
2024-02-06 22:14:36.212174 DEBUG::Transformed data so samples are rows
2024-02-06 22:14:36.212711 DEBUG::A total of 55 samples were found in both the data and metadata
2024-02-06 22:14:36.212914 DEBUG::Reordering data/metadata to use same sample ordering
2024-02-06 22:14:36.214743 INFO::Formula for fixed effects: expr ~  E1
2024-02-06 22:14:36.215207 INFO::Factor detected for categorial metadata 'E1'. Provide a reference argument or manually set factor ordering to change reference level.
2024-02-06 22:14:36.215565 INFO::Filter data based on min abundance and min prevalence
2024-02-06 22:14:36.215936 INFO::Total samples in data: 55
2024-02-06 22:14:36.216298 INFO::Min samples required with min abundance for a feature not to be filtered: 0.000000
2024-02-06 22:14:36.219194 INFO::Total filtered features: 0
2024-02-06 22:14:36.219794 INFO::Filtered feature names from abundance and prevalence filtering:
2024-02-06 22:14:36.232698 INFO::Total filtered features with variance filtering: 0
2024-02-06 22:14:36.233306 INFO::Filtered feature names from variance filtering:
2024-02-06 22:14:36.233708 INFO::Running selected normalization method: TSS
2024-02-06 22:14:36.238068 INFO::Bypass z-score application to metadata
2024-02-06 22:14:36.238502 INFO::Running selected transform method: AST
2024-02-06 22:14:36.29654 INFO::Running selected analysis method: LM
2024-02-06 22:14:36.297301 INFO::Fitting model to feature number 1, T1
2024-02-06 22:14:36.299537 INFO::Fitting model to feature number 2, T2
2024-02-06 22:14:36.301415 INFO::Fitting model to feature number 3, T3
2024-02-06 22:14:36.303102 INFO::Fitting model to feature number 4, T4
2024-02-06 22:14:36.30492 INFO::Fitting model to feature number 5, T5
2024-02-06 22:14:36.306728 INFO::Fitting model to feature number 6, T6
2024-02-06 22:14:36.308463 INFO::Fitting model to feature number 7, T8
2024-02-06 22:14:36.310253 INFO::Fitting model to feature number 8, T9
2024-02-06 22:14:36.312814 INFO::Fitting model to feature number 9, T10
2024-02-06 22:14:36.314921 INFO::Fitting model to feature number 10, T11
2024-02-06 22:14:36.317334 INFO::Fitting model to feature number 11, T12
2024-02-06 22:14:36.319486 INFO::Fitting model to feature number 12, T13
2024-02-06 22:14:36.321319 INFO::Fitting model to feature number 13, T14
2024-02-06 22:14:36.323059 INFO::Fitting model to feature number 14, T15
2024-02-06 22:14:36.324953 INFO::Fitting model to feature number 15, T16
2024-02-06 22:14:36.32739 INFO::Fitting model to feature number 16, T17
2024-02-06 22:14:36.329381 INFO::Fitting model to feature number 17, T18
2024-02-06 22:14:36.331155 INFO::Fitting model to feature number 18, T19
2024-02-06 22:14:36.332937 INFO::Fitting model to feature number 19, T20
2024-02-06 22:14:36.334699 INFO::Fitting model to feature number 20, T21
2024-02-06 22:14:36.336509 INFO::Fitting model to feature number 21, T22
2024-02-06 22:14:36.338615 INFO::Fitting model to feature number 22, T23
2024-02-06 22:14:36.340532 INFO::Fitting model to feature number 23, T24
2024-02-06 22:14:36.34251 INFO::Fitting model to feature number 24, T25
2024-02-06 22:14:36.344391 INFO::Fitting model to feature number 25, T26
2024-02-06 22:14:36.346099 INFO::Fitting model to feature number 26, T27
2024-02-06 22:14:36.348084 INFO::Fitting model to feature number 27, T28
2024-02-06 22:14:36.349934 INFO::Fitting model to feature number 28, T29
2024-02-06 22:14:36.351637 INFO::Fitting model to feature number 29, T30
2024-02-06 22:14:36.353424 INFO::Fitting model to feature number 30, T31
2024-02-06 22:14:36.355254 INFO::Fitting model to feature number 31, T32
2024-02-06 22:14:36.357181 INFO::Fitting model to feature number 32, T34
2024-02-06 22:14:36.359306 INFO::Fitting model to feature number 33, T35
2024-02-06 22:14:36.361122 INFO::Fitting model to feature number 34, T36
2024-02-06 22:14:36.362855 INFO::Fitting model to feature number 35, T37
2024-02-06 22:14:36.364558 INFO::Fitting model to feature number 36, T38
2024-02-06 22:14:36.366234 INFO::Fitting model to feature number 37, T39
2024-02-06 22:14:36.36799 INFO::Fitting model to feature number 38, T41
2024-02-06 22:14:36.370151 INFO::Fitting model to feature number 39, T42
2024-02-06 22:14:36.372131 INFO::Fitting model to feature number 40, T43
2024-02-06 22:14:36.373885 INFO::Fitting model to feature number 41, T44
2024-02-06 22:14:36.37566 INFO::Fitting model to feature number 42, T46
2024-02-06 22:14:36.377528 INFO::Fitting model to feature number 43, T47
2024-02-06 22:14:36.379451 INFO::Fitting model to feature number 44, T48
2024-02-06 22:14:36.381735 INFO::Fitting model to feature number 45, T50
2024-02-06 22:14:36.38371 INFO::Fitting model to feature number 46, T52
2024-02-06 22:14:36.385639 INFO::Fitting model to feature number 47, T53
2024-02-06 22:14:36.38734 INFO::Fitting model to feature number 48, T54
2024-02-06 22:14:36.389074 INFO::Fitting model to feature number 49, T55
2024-02-06 22:14:36.391071 INFO::Fitting model to feature number 50, T56
2024-02-06 22:14:36.39305 INFO::Fitting model to feature number 51, T57
2024-02-06 22:14:36.394855 INFO::Fitting model to feature number 52, T58
2024-02-06 22:14:36.396769 INFO::Fitting model to feature number 53, T59
2024-02-06 22:14:36.398714 INFO::Fitting model to feature number 54, T60
2024-02-06 22:14:36.400606 INFO::Fitting model to feature number 55, T61
2024-02-06 22:14:36.402712 INFO::Fitting model to feature number 56, T64
2024-02-06 22:14:36.40444 INFO::Fitting model to feature number 57, T66
2024-02-06 22:14:36.406106 INFO::Fitting model to feature number 58, T67
2024-02-06 22:14:36.407858 INFO::Fitting model to feature number 59, T68
2024-02-06 22:14:36.409715 INFO::Fitting model to feature number 60, T69
2024-02-06 22:14:36.411832 INFO::Fitting model to feature number 61, T70
2024-02-06 22:14:36.413723 INFO::Fitting model to feature number 62, T71
2024-02-06 22:14:36.415299 INFO::Fitting model to feature number 63, T74
2024-02-06 22:14:36.416828 INFO::Fitting model to feature number 64, T75
2024-02-06 22:14:36.418358 INFO::Fitting model to feature number 65, T76
2024-02-06 22:14:36.419939 INFO::Fitting model to feature number 66, T77
2024-02-06 22:14:36.421528 INFO::Fitting model to feature number 67, T78
2024-02-06 22:14:36.42333 INFO::Fitting model to feature number 68, T79
2024-02-06 22:14:36.424928 INFO::Fitting model to feature number 69, T80
2024-02-06 22:14:36.42652 INFO::Fitting model to feature number 70, T81
2024-02-06 22:14:36.428128 INFO::Fitting model to feature number 71, T82
2024-02-06 22:14:36.429656 INFO::Fitting model to feature number 72, T83
2024-02-06 22:14:36.431165 INFO::Fitting model to feature number 73, T84
2024-02-06 22:14:36.4329 INFO::Fitting model to feature number 74, T85
2024-02-06 22:14:36.434815 INFO::Fitting model to feature number 75, T86
2024-02-06 22:14:36.436414 INFO::Fitting model to feature number 76, T89
2024-02-06 22:14:36.437964 INFO::Fitting model to feature number 77, T91
2024-02-06 22:14:36.439512 INFO::Fitting model to feature number 78, T92
2024-02-06 22:14:36.441131 INFO::Fitting model to feature number 79, T94
2024-02-06 22:14:36.442726 INFO::Fitting model to feature number 80, T95
2024-02-06 22:14:36.44451 INFO::Fitting model to feature number 81, T96
2024-02-06 22:14:36.44614 INFO::Fitting model to feature number 82, T97
2024-02-06 22:14:36.447754 INFO::Fitting model to feature number 83, T98
2024-02-06 22:14:36.449331 INFO::Fitting model to feature number 84, T100
2024-02-06 22:14:36.450929 INFO::Fitting model to feature number 85, T101
2024-02-06 22:14:36.452563 INFO::Fitting model to feature number 86, T102
2024-02-06 22:14:36.454284 INFO::Fitting model to feature number 87, T103
2024-02-06 22:14:36.456151 INFO::Fitting model to feature number 88, T104
2024-02-06 22:14:36.457739 INFO::Fitting model to feature number 89, T105
2024-02-06 22:14:36.459387 INFO::Fitting model to feature number 90, T107
2024-02-06 22:14:36.461043 INFO::Fitting model to feature number 91, T108
2024-02-06 22:14:36.462629 INFO::Fitting model to feature number 92, T109
2024-02-06 22:14:36.464298 INFO::Fitting model to feature number 93, T111
2024-02-06 22:14:36.466008 INFO::Fitting model to feature number 94, T113
2024-02-06 22:14:36.467589 INFO::Fitting model to feature number 95, T114
2024-02-06 22:14:36.469157 INFO::Fitting model to feature number 96, T115
2024-02-06 22:14:36.470705 INFO::Fitting model to feature number 97, T116
2024-02-06 22:14:36.472264 INFO::Fitting model to feature number 98, T117
2024-02-06 22:14:36.473804 INFO::Fitting model to feature number 99, T118
2024-02-06 22:14:36.475519 INFO::Fitting model to feature number 100, T119
2024-02-06 22:14:36.47729 INFO::Fitting model to feature number 101, T120
2024-02-06 22:14:36.478844 INFO::Fitting model to feature number 102, T121
2024-02-06 22:14:36.48042 INFO::Fitting model to feature number 103, T122
2024-02-06 22:14:36.482021 INFO::Fitting model to feature number 104, T124
2024-02-06 22:14:36.483567 INFO::Fitting model to feature number 105, T125
2024-02-06 22:14:36.485147 INFO::Fitting model to feature number 106, T126
2024-02-06 22:14:36.486981 INFO::Fitting model to feature number 107, T127
2024-02-06 22:14:36.488576 INFO::Fitting model to feature number 108, T128
2024-02-06 22:14:36.490125 INFO::Fitting model to feature number 109, T129
2024-02-06 22:14:36.491666 INFO::Fitting model to feature number 110, T132
2024-02-06 22:14:36.493201 INFO::Fitting model to feature number 111, T133
2024-02-06 22:14:36.494708 INFO::Fitting model to feature number 112, T134
2024-02-06 22:14:36.496289 INFO::Fitting model to feature number 113, T135
2024-02-06 22:14:36.498056 INFO::Fitting model to feature number 114, T137
2024-02-06 22:14:36.499647 INFO::Fitting model to feature number 115, T138
2024-02-06 22:14:36.501165 INFO::Fitting model to feature number 116, T139
2024-02-06 22:14:36.502705 INFO::Fitting model to feature number 117, T140
2024-02-06 22:14:36.504276 INFO::Fitting model to feature number 118, T141
2024-02-06 22:14:36.505822 INFO::Fitting model to feature number 119, T143
2024-02-06 22:14:36.507582 INFO::Fitting model to feature number 120, T144
2024-02-06 22:14:36.509222 INFO::Fitting model to feature number 121, T145
2024-02-06 22:14:36.510778 INFO::Fitting model to feature number 122, T147
2024-02-06 22:14:36.512327 INFO::Fitting model to feature number 123, T148
2024-02-06 22:14:36.513881 INFO::Fitting model to feature number 124, T149
2024-02-06 22:14:36.515437 INFO::Fitting model to feature number 125, T150
2024-02-06 22:14:36.517043 INFO::Fitting model to feature number 126, T153
2024-02-06 22:14:36.518888 INFO::Fitting model to feature number 127, T155
2024-02-06 22:14:36.520582 INFO::Fitting model to feature number 128, T156
2024-02-06 22:14:36.522187 INFO::Fitting model to feature number 129, T157
2024-02-06 22:14:36.523728 INFO::Fitting model to feature number 130, T158
2024-02-06 22:14:36.525258 INFO::Fitting model to feature number 131, T159
2024-02-06 22:14:36.526845 INFO::Fitting model to feature number 132, T160
2024-02-06 22:14:36.52849 INFO::Fitting model to feature number 133, T161
2024-02-06 22:14:36.530131 INFO::Fitting model to feature number 134, T162
2024-02-06 22:14:36.531691 INFO::Fitting model to feature number 135, T163
2024-02-06 22:14:36.53332 INFO::Fitting model to feature number 136, T165
2024-02-06 22:14:36.534947 INFO::Fitting model to feature number 137, T166
2024-02-06 22:14:36.536479 INFO::Fitting model to feature number 138, T167
2024-02-06 22:14:36.537984 INFO::Fitting model to feature number 139, T168
2024-02-06 22:14:36.53965 INFO::Fitting model to feature number 140, T169
2024-02-06 22:14:36.541407 INFO::Fitting model to feature number 141, T170
2024-02-06 22:14:36.542919 INFO::Fitting model to feature number 142, T171
2024-02-06 22:14:36.544439 INFO::Fitting model to feature number 143, T173
2024-02-06 22:14:36.545966 INFO::Fitting model to feature number 144, T174
2024-02-06 22:14:36.547493 INFO::Fitting model to feature number 145, T175
2024-02-06 22:14:36.549011 INFO::Fitting model to feature number 146, T176
2024-02-06 22:14:36.550708 INFO::Fitting model to feature number 147, T177
2024-02-06 22:14:36.552376 INFO::Fitting model to feature number 148, T178
2024-02-06 22:14:36.553935 INFO::Fitting model to feature number 149, T179
2024-02-06 22:14:36.555471 INFO::Fitting model to feature number 150, T180
2024-02-06 22:14:36.556993 INFO::Fitting model to feature number 151, T182
2024-02-06 22:14:36.558505 INFO::Fitting model to feature number 152, T183
2024-02-06 22:14:36.560051 INFO::Fitting model to feature number 153, T184
2024-02-06 22:14:36.561879 INFO::Fitting model to feature number 154, T185
2024-02-06 22:14:36.563508 INFO::Fitting model to feature number 155, T186
2024-02-06 22:14:36.565034 INFO::Fitting model to feature number 156, T187
2024-02-06 22:14:36.566572 INFO::Fitting model to feature number 157, T188
2024-02-06 22:14:36.568115 INFO::Fitting model to feature number 158, T189
2024-02-06 22:14:36.56963 INFO::Fitting model to feature number 159, T190
2024-02-06 22:14:36.571271 INFO::Fitting model to feature number 160, T191
2024-02-06 22:14:36.573047 INFO::Fitting model to feature number 161, T192
2024-02-06 22:14:36.574681 INFO::Fitting model to feature number 162, T194
2024-02-06 22:14:36.576288 INFO::Fitting model to feature number 163, T195
2024-02-06 22:14:36.577814 INFO::Fitting model to feature number 164, T196
2024-02-06 22:14:36.579363 INFO::Fitting model to feature number 165, T197
2024-02-06 22:14:36.580963 INFO::Fitting model to feature number 166, T199
2024-02-06 22:14:36.582681 INFO::Fitting model to feature number 167, T200
2024-02-06 22:14:36.584294 INFO::Fitting model to feature number 168, T201
2024-02-06 22:14:36.585868 INFO::Fitting model to feature number 169, T202
2024-02-06 22:14:36.587385 INFO::Fitting model to feature number 170, T204
2024-02-06 22:14:36.58892 INFO::Fitting model to feature number 171, T206
2024-02-06 22:14:36.590484 INFO::Fitting model to feature number 172, T208
2024-02-06 22:14:36.592024 INFO::Fitting model to feature number 173, T211
2024-02-06 22:14:36.593875 INFO::Fitting model to feature number 174, T212
2024-02-06 22:14:36.595501 INFO::Fitting model to feature number 175, T213
2024-02-06 22:14:36.597015 INFO::Fitting model to feature number 176, T214
2024-02-06 22:14:36.598518 INFO::Fitting model to feature number 177, T218
2024-02-06 22:14:36.600024 INFO::Fitting model to feature number 178, T220
2024-02-06 22:14:36.601534 INFO::Fitting model to feature number 179, T221
2024-02-06 22:14:36.60317 INFO::Fitting model to feature number 180, T222
2024-02-06 22:14:36.604832 INFO::Fitting model to feature number 181, T225
2024-02-06 22:14:36.606381 INFO::Fitting model to feature number 182, T226
2024-02-06 22:14:36.607922 INFO::Fitting model to feature number 183, T228
2024-02-06 22:14:36.609442 INFO::Fitting model to feature number 184, T229
2024-02-06 22:14:36.610954 INFO::Fitting model to feature number 185, T230
2024-02-06 22:14:36.612473 INFO::Fitting model to feature number 186, T233
2024-02-06 22:14:36.614102 INFO::Fitting model to feature number 187, T234
2024-02-06 22:14:36.615908 INFO::Fitting model to feature number 188, T235
2024-02-06 22:14:36.617464 INFO::Fitting model to feature number 189, T236
2024-02-06 22:14:36.619116 INFO::Fitting model to feature number 190, T241
2024-02-06 22:14:36.620664 INFO::Fitting model to feature number 191, T242
2024-02-06 22:14:36.622175 INFO::Fitting model to feature number 192, T244
2024-02-06 22:14:36.623683 INFO::Fitting model to feature number 193, T245
2024-02-06 22:14:36.625461 INFO::Fitting model to feature number 194, T247
2024-02-06 22:14:36.627064 INFO::Fitting model to feature number 195, T248
2024-02-06 22:14:36.628602 INFO::Fitting model to feature number 196, T249
2024-02-06 22:14:36.630135 INFO::Fitting model to feature number 197, T250
2024-02-06 22:14:36.631649 INFO::Fitting model to feature number 198, T252
2024-02-06 22:14:36.633191 INFO::Fitting model to feature number 199, T253
2024-02-06 22:14:36.634741 INFO::Fitting model to feature number 200, T254
2024-02-06 22:14:36.636531 INFO::Fitting model to feature number 201, T255
2024-02-06 22:14:36.638174 INFO::Fitting model to feature number 202, T259
2024-02-06 22:14:36.639744 INFO::Fitting model to feature number 203, T265
2024-02-06 22:14:36.641271 INFO::Fitting model to feature number 204, T267
2024-02-06 22:14:36.642816 INFO::Fitting model to feature number 205, T269
2024-02-06 22:14:36.644356 INFO::Fitting model to feature number 206, T271
2024-02-06 22:14:36.646036 INFO::Fitting model to feature number 207, T273
2024-02-06 22:14:36.647672 INFO::Fitting model to feature number 208, T282
2024-02-06 22:14:36.649267 INFO::Fitting model to feature number 209, T283
2024-02-06 22:14:36.650929 INFO::Fitting model to feature number 210, T286
2024-02-06 22:14:36.652629 INFO::Fitting model to feature number 211, T288
2024-02-06 22:14:36.654202 INFO::Fitting model to feature number 212, T290
2024-02-06 22:14:36.655789 INFO::Fitting model to feature number 213, T293
2024-02-06 22:14:36.657696 INFO::Fitting model to feature number 214, T295
2024-02-06 22:14:36.659379 INFO::Fitting model to feature number 215, T296
2024-02-06 22:14:36.660991 INFO::Fitting model to feature number 216, T297
2024-02-06 22:14:36.662527 INFO::Fitting model to feature number 217, T300
2024-02-06 22:14:36.664083 INFO::Fitting model to feature number 218, T303
2024-02-06 22:14:36.665669 INFO::Fitting model to feature number 219, T304
2024-02-06 22:14:36.667415 INFO::Fitting model to feature number 220, T306
2024-02-06 22:14:36.669174 INFO::Fitting model to feature number 221, T308
2024-02-06 22:14:36.670693 INFO::Fitting model to feature number 222, T310
2024-02-06 22:14:36.672219 INFO::Fitting model to feature number 223, T311
2024-02-06 22:14:36.673768 INFO::Fitting model to feature number 224, T313
2024-02-06 22:14:36.675288 INFO::Fitting model to feature number 225, T315
2024-02-06 22:14:36.676803 INFO::Fitting model to feature number 226, T317
2024-02-06 22:14:36.678497 INFO::Fitting model to feature number 227, T319
2024-02-06 22:14:36.680209 INFO::Fitting model to feature number 228, T323
2024-02-06 22:14:36.68176 INFO::Fitting model to feature number 229, T325
2024-02-06 22:14:36.68329 INFO::Fitting model to feature number 230, T326
2024-02-06 22:14:36.684847 INFO::Fitting model to feature number 231, T327
2024-02-06 22:14:36.686408 INFO::Fitting model to feature number 232, T328
2024-02-06 22:14:36.687947 INFO::Fitting model to feature number 233, T332
2024-02-06 22:14:36.689663 INFO::Fitting model to feature number 234, T337
2024-02-06 22:14:36.691207 INFO::Fitting model to feature number 235, T338
2024-02-06 22:14:36.692746 INFO::Fitting model to feature number 236, T345
2024-02-06 22:14:36.694265 INFO::Fitting model to feature number 237, T347
2024-02-06 22:14:36.695787 INFO::Fitting model to feature number 238, T348
2024-02-06 22:14:36.697293 INFO::Fitting model to feature number 239, T355
2024-02-06 22:14:36.698851 INFO::Fitting model to feature number 240, T356
2024-02-06 22:14:36.700669 INFO::Fitting model to feature number 241, T360
2024-02-06 22:14:36.702254 INFO::Fitting model to feature number 242, T377
2024-02-06 22:14:36.703857 INFO::Fitting model to feature number 243, T383
2024-02-06 22:14:36.705413 INFO::Fitting model to feature number 244, T386
2024-02-06 22:14:36.707004 INFO::Fitting model to feature number 245, T387
2024-02-06 22:14:36.708537 INFO::Fitting model to feature number 246, T397
2024-02-06 22:14:36.71023 INFO::Fitting model to feature number 247, T401
2024-02-06 22:14:36.711842 INFO::Fitting model to feature number 248, T408
2024-02-06 22:14:36.713404 INFO::Fitting model to feature number 249, T410
2024-02-06 22:14:36.714963 INFO::Fitting model to feature number 250, T415
2024-02-06 22:14:36.716492 INFO::Fitting model to feature number 251, T424
2024-02-06 22:14:36.718044 INFO::Fitting model to feature number 252, T439
2024-02-06 22:14:36.719599 INFO::Fitting model to feature number 253, T447
2024-02-06 22:14:36.721393 INFO::Fitting model to feature number 254, T449
2024-02-06 22:14:36.723087 INFO::Fitting model to feature number 255, T454
2024-02-06 22:14:36.724629 INFO::Fitting model to feature number 256, T457
2024-02-06 22:14:36.726193 INFO::Fitting model to feature number 257, T459
2024-02-06 22:14:36.746524 INFO::Counting total values for each feature
2024-02-06 22:14:36.755563 WARNING::Deleting existing residuals file: ./InputData/MMUPHin_lm_meta/HanniganGD_2017.metaphlan_bugs_list.stool/residuals.rds
2024-02-06 22:14:36.756404 INFO::Writing residuals to file ./InputData/MMUPHin_lm_meta/HanniganGD_2017.metaphlan_bugs_list.stool/residuals.rds
2024-02-06 22:14:36.758404 WARNING::Deleting existing fitted file: ./InputData/MMUPHin_lm_meta/HanniganGD_2017.metaphlan_bugs_list.stool/fitted.rds
2024-02-06 22:14:36.759006 INFO::Writing fitted values to file ./InputData/MMUPHin_lm_meta/HanniganGD_2017.metaphlan_bugs_list.stool/fitted.rds
2024-02-06 22:14:36.76029 INFO::Writing all results to file (ordered by increasing q-values): ./InputData/MMUPHin_lm_meta/HanniganGD_2017.metaphlan_bugs_list.stool/all_results.tsv
2024-02-06 22:14:36.763761 INFO::Writing the significant results (those which are less than or equal to the threshold of 1.000000 ) to file (ordered by increasing q-values): ./InputData/MMUPHin_lm_meta/HanniganGD_2017.metaphlan_bugs_list.stool/significant_results.tsv
