2024-02-06 22:14:38.028203 INFO::Writing function arguments to log file
2024-02-06 22:14:38.028769 DEBUG::Function arguments
2024-02-06 22:14:38.029006 DEBUG::Output folder: ./InputData/MMUPHin_lm_meta/YuJ_2015.metaphlan_bugs_list.stool
2024-02-06 22:14:38.029227 DEBUG::Min Abundance: 0.000000
2024-02-06 22:14:38.029434 DEBUG::Min Prevalence: 0.000000
2024-02-06 22:14:38.029641 DEBUG::Normalization: TSS
2024-02-06 22:14:38.02985 DEBUG::Transform: AST
2024-02-06 22:14:38.030053 DEBUG::Analysis method: LM
2024-02-06 22:14:38.030253 DEBUG::Max significance: 1.000000
2024-02-06 22:14:38.030453 DEBUG::Random effects:
2024-02-06 22:14:38.030655 DEBUG::Fixed effects: E1
2024-02-06 22:14:38.030848 DEBUG::Correction method: BH
2024-02-06 22:14:38.031051 DEBUG::Standardize: FALSE
2024-02-06 22:14:38.031249 DEBUG::Cores: 1
2024-02-06 22:14:38.031439 INFO::Verifying options selected are valid
2024-02-06 22:14:38.031874 INFO::Determining format of input files
2024-02-06 22:14:38.032438 INFO::Input format is data samples as columns and metadata samples as rows
2024-02-06 22:14:38.035681 DEBUG::Transformed data so samples are rows
2024-02-06 22:14:38.036538 DEBUG::A total of 128 samples were found in both the data and metadata
2024-02-06 22:14:38.036766 DEBUG::Reordering data/metadata to use same sample ordering
2024-02-06 22:14:38.039584 INFO::Formula for fixed effects: expr ~  E1
2024-02-06 22:14:38.040076 INFO::Factor detected for categorial metadata 'E1'. Provide a reference argument or manually set factor ordering to change reference level.
2024-02-06 22:14:38.040428 INFO::Filter data based on min abundance and min prevalence
2024-02-06 22:14:38.040785 INFO::Total samples in data: 128
2024-02-06 22:14:38.041129 INFO::Min samples required with min abundance for a feature not to be filtered: 0.000000
2024-02-06 22:14:38.04631 INFO::Total filtered features: 0
2024-02-06 22:14:38.046864 INFO::Filtered feature names from abundance and prevalence filtering:
2024-02-06 22:14:38.07328 INFO::Total filtered features with variance filtering: 0
2024-02-06 22:14:38.073898 INFO::Filtered feature names from variance filtering:
2024-02-06 22:14:38.074268 INFO::Running selected normalization method: TSS
2024-02-06 22:14:38.092601 INFO::Bypass z-score application to metadata
2024-02-06 22:14:38.093242 INFO::Running selected transform method: AST
2024-02-06 22:14:38.100262 INFO::Running selected analysis method: LM
2024-02-06 22:14:38.100898 INFO::Fitting model to feature number 1, T1
2024-02-06 22:14:38.10291 INFO::Fitting model to feature number 2, T2
2024-02-06 22:14:38.104693 INFO::Fitting model to feature number 3, T3
2024-02-06 22:14:38.106469 INFO::Fitting model to feature number 4, T4
2024-02-06 22:14:38.10854 INFO::Fitting model to feature number 5, T5
2024-02-06 22:14:38.110329 INFO::Fitting model to feature number 6, T6
2024-02-06 22:14:38.112033 INFO::Fitting model to feature number 7, T7
2024-02-06 22:14:38.113737 INFO::Fitting model to feature number 8, T8
2024-02-06 22:14:38.115426 INFO::Fitting model to feature number 9, T9
2024-02-06 22:14:38.117135 INFO::Fitting model to feature number 10, T10
2024-02-06 22:14:38.119256 INFO::Fitting model to feature number 11, T11
2024-02-06 22:14:38.121504 INFO::Fitting model to feature number 12, T12
2024-02-06 22:14:38.123461 INFO::Fitting model to feature number 13, T13
2024-02-06 22:14:38.125434 INFO::Fitting model to feature number 14, T14
2024-02-06 22:14:38.127342 INFO::Fitting model to feature number 15, T15
2024-02-06 22:14:38.129229 INFO::Fitting model to feature number 16, T16
2024-02-06 22:14:38.131023 INFO::Fitting model to feature number 17, T17
2024-02-06 22:14:38.132714 INFO::Fitting model to feature number 18, T18
2024-02-06 22:14:38.134389 INFO::Fitting model to feature number 19, T19
2024-02-06 22:14:38.136076 INFO::Fitting model to feature number 20, T20
2024-02-06 22:14:38.137752 INFO::Fitting model to feature number 21, T21
2024-02-06 22:14:38.139639 INFO::Fitting model to feature number 22, T22
2024-02-06 22:14:38.141663 INFO::Fitting model to feature number 23, T23
2024-02-06 22:14:38.143398 INFO::Fitting model to feature number 24, T24
2024-02-06 22:14:38.145175 INFO::Fitting model to feature number 25, T25
2024-02-06 22:14:38.146906 INFO::Fitting model to feature number 26, T26
2024-02-06 22:14:38.148655 INFO::Fitting model to feature number 27, T27
2024-02-06 22:14:38.150571 INFO::Fitting model to feature number 28, T28
2024-02-06 22:14:38.152527 INFO::Fitting model to feature number 29, T29
2024-02-06 22:14:38.154244 INFO::Fitting model to feature number 30, T30
2024-02-06 22:14:38.15594 INFO::Fitting model to feature number 31, T31
2024-02-06 22:14:38.157613 INFO::Fitting model to feature number 32, T32
2024-02-06 22:14:38.159321 INFO::Fitting model to feature number 33, T33
2024-02-06 22:14:38.161352 INFO::Fitting model to feature number 34, T34
2024-02-06 22:14:38.163225 INFO::Fitting model to feature number 35, T35
2024-02-06 22:14:38.164933 INFO::Fitting model to feature number 36, T36
2024-02-06 22:14:38.16667 INFO::Fitting model to feature number 37, T37
2024-02-06 22:14:38.168386 INFO::Fitting model to feature number 38, T38
2024-02-06 22:14:38.170201 INFO::Fitting model to feature number 39, T39
2024-02-06 22:14:38.172151 INFO::Fitting model to feature number 40, T41
2024-02-06 22:14:38.174156 INFO::Fitting model to feature number 41, T42
2024-02-06 22:14:38.175936 INFO::Fitting model to feature number 42, T43
2024-02-06 22:14:38.177662 INFO::Fitting model to feature number 43, T44
2024-02-06 22:14:38.17938 INFO::Fitting model to feature number 44, T45
2024-02-06 22:14:38.181107 INFO::Fitting model to feature number 45, T46
2024-02-06 22:14:38.183086 INFO::Fitting model to feature number 46, T47
2024-02-06 22:14:38.184931 INFO::Fitting model to feature number 47, T48
2024-02-06 22:14:38.186717 INFO::Fitting model to feature number 48, T50
2024-02-06 22:14:38.188444 INFO::Fitting model to feature number 49, T51
2024-02-06 22:14:38.190201 INFO::Fitting model to feature number 50, T52
2024-02-06 22:14:38.191968 INFO::Fitting model to feature number 51, T53
2024-02-06 22:14:38.193963 INFO::Fitting model to feature number 52, T54
2024-02-06 22:14:38.195775 INFO::Fitting model to feature number 53, T55
2024-02-06 22:14:38.197499 INFO::Fitting model to feature number 54, T56
2024-02-06 22:14:38.199239 INFO::Fitting model to feature number 55, T57
2024-02-06 22:14:38.200976 INFO::Fitting model to feature number 56, T58
2024-02-06 22:14:38.20274 INFO::Fitting model to feature number 57, T59
2024-02-06 22:14:38.204635 INFO::Fitting model to feature number 58, T60
2024-02-06 22:14:38.206414 INFO::Fitting model to feature number 59, T61
2024-02-06 22:14:38.208129 INFO::Fitting model to feature number 60, T62
2024-02-06 22:14:38.209856 INFO::Fitting model to feature number 61, T63
2024-02-06 22:14:38.211571 INFO::Fitting model to feature number 62, T64
2024-02-06 22:14:38.21331 INFO::Fitting model to feature number 63, T65
2024-02-06 22:14:38.215321 INFO::Fitting model to feature number 64, T66
2024-02-06 22:14:38.217191 INFO::Fitting model to feature number 65, T67
2024-02-06 22:14:38.218971 INFO::Fitting model to feature number 66, T68
2024-02-06 22:14:38.220704 INFO::Fitting model to feature number 67, T69
2024-02-06 22:14:38.222449 INFO::Fitting model to feature number 68, T70
2024-02-06 22:14:38.242535 INFO::Fitting model to feature number 69, T71
2024-02-06 22:14:38.244526 INFO::Fitting model to feature number 70, T72
2024-02-06 22:14:38.246554 INFO::Fitting model to feature number 71, T73
2024-02-06 22:14:38.248348 INFO::Fitting model to feature number 72, T74
2024-02-06 22:14:38.250039 INFO::Fitting model to feature number 73, T75
2024-02-06 22:14:38.251731 INFO::Fitting model to feature number 74, T76
2024-02-06 22:14:38.253373 INFO::Fitting model to feature number 75, T77
2024-02-06 22:14:38.255008 INFO::Fitting model to feature number 76, T78
2024-02-06 22:14:38.256774 INFO::Fitting model to feature number 77, T79
2024-02-06 22:14:38.258705 INFO::Fitting model to feature number 78, T80
2024-02-06 22:14:38.260353 INFO::Fitting model to feature number 79, T81
2024-02-06 22:14:38.262013 INFO::Fitting model to feature number 80, T82
2024-02-06 22:14:38.263721 INFO::Fitting model to feature number 81, T83
2024-02-06 22:14:38.265383 INFO::Fitting model to feature number 82, T84
2024-02-06 22:14:38.267119 INFO::Fitting model to feature number 83, T85
2024-02-06 22:14:38.268901 INFO::Fitting model to feature number 84, T86
2024-02-06 22:14:38.270597 INFO::Fitting model to feature number 85, T87
2024-02-06 22:14:38.272288 INFO::Fitting model to feature number 86, T88
2024-02-06 22:14:38.273964 INFO::Fitting model to feature number 87, T89
2024-02-06 22:14:38.275651 INFO::Fitting model to feature number 88, T90
2024-02-06 22:14:38.277349 INFO::Fitting model to feature number 89, T91
2024-02-06 22:14:38.279354 INFO::Fitting model to feature number 90, T92
2024-02-06 22:14:38.281117 INFO::Fitting model to feature number 91, T93
2024-02-06 22:14:38.282815 INFO::Fitting model to feature number 92, T94
2024-02-06 22:14:38.284531 INFO::Fitting model to feature number 93, T95
2024-02-06 22:14:38.286241 INFO::Fitting model to feature number 94, T96
2024-02-06 22:14:38.287943 INFO::Fitting model to feature number 95, T97
2024-02-06 22:14:38.2898 INFO::Fitting model to feature number 96, T98
2024-02-06 22:14:38.291467 INFO::Fitting model to feature number 97, T99
2024-02-06 22:14:38.293147 INFO::Fitting model to feature number 98, T100
2024-02-06 22:14:38.294853 INFO::Fitting model to feature number 99, T101
2024-02-06 22:14:38.29654 INFO::Fitting model to feature number 100, T102
2024-02-06 22:14:38.298201 INFO::Fitting model to feature number 101, T103
2024-02-06 22:14:38.300166 INFO::Fitting model to feature number 102, T104
2024-02-06 22:14:38.301982 INFO::Fitting model to feature number 103, T105
2024-02-06 22:14:38.303691 INFO::Fitting model to feature number 104, T106
2024-02-06 22:14:38.305375 INFO::Fitting model to feature number 105, T107
2024-02-06 22:14:38.307066 INFO::Fitting model to feature number 106, T108
2024-02-06 22:14:38.308737 INFO::Fitting model to feature number 107, T109
2024-02-06 22:14:38.310553 INFO::Fitting model to feature number 108, T111
2024-02-06 22:14:38.312272 INFO::Fitting model to feature number 109, T113
2024-02-06 22:14:38.313976 INFO::Fitting model to feature number 110, T114
2024-02-06 22:14:38.315676 INFO::Fitting model to feature number 111, T115
2024-02-06 22:14:38.317384 INFO::Fitting model to feature number 112, T116
2024-02-06 22:14:38.319154 INFO::Fitting model to feature number 113, T117
2024-02-06 22:14:38.32105 INFO::Fitting model to feature number 114, T118
2024-02-06 22:14:38.322979 INFO::Fitting model to feature number 115, T119
2024-02-06 22:14:38.324701 INFO::Fitting model to feature number 116, T120
2024-02-06 22:14:38.326408 INFO::Fitting model to feature number 117, T121
2024-02-06 22:14:38.328108 INFO::Fitting model to feature number 118, T122
2024-02-06 22:14:38.332791 INFO::Fitting model to feature number 119, T123
2024-02-06 22:14:38.334971 INFO::Fitting model to feature number 120, T124
2024-02-06 22:14:38.336775 INFO::Fitting model to feature number 121, T125
2024-02-06 22:14:38.338557 INFO::Fitting model to feature number 122, T126
2024-02-06 22:14:38.340347 INFO::Fitting model to feature number 123, T127
2024-02-06 22:14:38.342305 INFO::Fitting model to feature number 124, T128
2024-02-06 22:14:38.344163 INFO::Fitting model to feature number 125, T129
2024-02-06 22:14:38.345892 INFO::Fitting model to feature number 126, T130
2024-02-06 22:14:38.347614 INFO::Fitting model to feature number 127, T132
2024-02-06 22:14:38.349364 INFO::Fitting model to feature number 128, T133
2024-02-06 22:14:38.351147 INFO::Fitting model to feature number 129, T134
2024-02-06 22:14:38.353083 INFO::Fitting model to feature number 130, T135
2024-02-06 22:14:38.355092 INFO::Fitting model to feature number 131, T137
2024-02-06 22:14:38.356876 INFO::Fitting model to feature number 132, T138
2024-02-06 22:14:38.358648 INFO::Fitting model to feature number 133, T139
2024-02-06 22:14:38.360417 INFO::Fitting model to feature number 134, T140
2024-02-06 22:14:38.362177 INFO::Fitting model to feature number 135, T141
2024-02-06 22:14:38.364141 INFO::Fitting model to feature number 136, T143
2024-02-06 22:14:38.365937 INFO::Fitting model to feature number 137, T144
2024-02-06 22:14:38.367676 INFO::Fitting model to feature number 138, T145
2024-02-06 22:14:38.36945 INFO::Fitting model to feature number 139, T147
2024-02-06 22:14:38.371248 INFO::Fitting model to feature number 140, T148
2024-02-06 22:14:38.373047 INFO::Fitting model to feature number 141, T149
2024-02-06 22:14:38.375187 INFO::Fitting model to feature number 142, T150
2024-02-06 22:14:38.377136 INFO::Fitting model to feature number 143, T151
2024-02-06 22:14:38.378921 INFO::Fitting model to feature number 144, T153
2024-02-06 22:14:38.38077 INFO::Fitting model to feature number 145, T154
2024-02-06 22:14:38.382617 INFO::Fitting model to feature number 146, T155
2024-02-06 22:14:38.384556 INFO::Fitting model to feature number 147, T156
2024-02-06 22:14:38.386546 INFO::Fitting model to feature number 148, T157
2024-02-06 22:14:38.388365 INFO::Fitting model to feature number 149, T158
2024-02-06 22:14:38.390168 INFO::Fitting model to feature number 150, T159
2024-02-06 22:14:38.391945 INFO::Fitting model to feature number 151, T160
2024-02-06 22:14:38.39372 INFO::Fitting model to feature number 152, T161
2024-02-06 22:14:38.395641 INFO::Fitting model to feature number 153, T162
2024-02-06 22:14:38.397663 INFO::Fitting model to feature number 154, T163
2024-02-06 22:14:38.399439 INFO::Fitting model to feature number 155, T165
2024-02-06 22:14:38.401213 INFO::Fitting model to feature number 156, T166
2024-02-06 22:14:38.402975 INFO::Fitting model to feature number 157, T167
2024-02-06 22:14:38.404729 INFO::Fitting model to feature number 158, T168
2024-02-06 22:14:38.406645 INFO::Fitting model to feature number 159, T169
2024-02-06 22:14:38.408495 INFO::Fitting model to feature number 160, T170
2024-02-06 22:14:38.410267 INFO::Fitting model to feature number 161, T171
2024-02-06 22:14:38.412041 INFO::Fitting model to feature number 162, T172
2024-02-06 22:14:38.4138 INFO::Fitting model to feature number 163, T173
2024-02-06 22:14:38.415547 INFO::Fitting model to feature number 164, T174
2024-02-06 22:14:38.417597 INFO::Fitting model to feature number 165, T175
2024-02-06 22:14:38.419629 INFO::Fitting model to feature number 166, T176
2024-02-06 22:14:38.421391 INFO::Fitting model to feature number 167, T177
2024-02-06 22:14:38.423108 INFO::Fitting model to feature number 168, T178
2024-02-06 22:14:38.424814 INFO::Fitting model to feature number 169, T179
2024-02-06 22:14:38.426562 INFO::Fitting model to feature number 170, T180
2024-02-06 22:14:38.428517 INFO::Fitting model to feature number 171, T181
2024-02-06 22:14:38.430322 INFO::Fitting model to feature number 172, T182
2024-02-06 22:14:38.432039 INFO::Fitting model to feature number 173, T183
2024-02-06 22:14:38.433774 INFO::Fitting model to feature number 174, T184
2024-02-06 22:14:38.435498 INFO::Fitting model to feature number 175, T185
2024-02-06 22:14:38.43723 INFO::Fitting model to feature number 176, T186
2024-02-06 22:14:38.439329 INFO::Fitting model to feature number 177, T187
2024-02-06 22:14:38.441264 INFO::Fitting model to feature number 178, T188
2024-02-06 22:14:38.443045 INFO::Fitting model to feature number 179, T189
2024-02-06 22:14:38.44483 INFO::Fitting model to feature number 180, T190
2024-02-06 22:14:38.446595 INFO::Fitting model to feature number 181, T191
2024-02-06 22:14:38.448361 INFO::Fitting model to feature number 182, T192
2024-02-06 22:14:38.450219 INFO::Fitting model to feature number 183, T193
2024-02-06 22:14:38.451915 INFO::Fitting model to feature number 184, T194
2024-02-06 22:14:38.453643 INFO::Fitting model to feature number 185, T195
2024-02-06 22:14:38.455366 INFO::Fitting model to feature number 186, T196
2024-02-06 22:14:38.457063 INFO::Fitting model to feature number 187, T197
2024-02-06 22:14:38.458761 INFO::Fitting model to feature number 188, T198
2024-02-06 22:14:38.460773 INFO::Fitting model to feature number 189, T200
2024-02-06 22:14:38.462599 INFO::Fitting model to feature number 190, T201
2024-02-06 22:14:38.464361 INFO::Fitting model to feature number 191, T202
2024-02-06 22:14:38.466049 INFO::Fitting model to feature number 192, T203
2024-02-06 22:14:38.467722 INFO::Fitting model to feature number 193, T204
2024-02-06 22:14:38.469495 INFO::Fitting model to feature number 194, T205
2024-02-06 22:14:38.471345 INFO::Fitting model to feature number 195, T206
2024-02-06 22:14:38.473061 INFO::Fitting model to feature number 196, T207
2024-02-06 22:14:38.474735 INFO::Fitting model to feature number 197, T208
2024-02-06 22:14:38.476427 INFO::Fitting model to feature number 198, T209
2024-02-06 22:14:38.478134 INFO::Fitting model to feature number 199, T210
2024-02-06 22:14:38.479849 INFO::Fitting model to feature number 200, T211
2024-02-06 22:14:38.481783 INFO::Fitting model to feature number 201, T212
2024-02-06 22:14:38.48364 INFO::Fitting model to feature number 202, T213
2024-02-06 22:14:38.485426 INFO::Fitting model to feature number 203, T214
2024-02-06 22:14:38.487128 INFO::Fitting model to feature number 204, T215
2024-02-06 22:14:38.488799 INFO::Fitting model to feature number 205, T216
2024-02-06 22:14:38.490452 INFO::Fitting model to feature number 206, T217
2024-02-06 22:14:38.492373 INFO::Fitting model to feature number 207, T218
2024-02-06 22:14:38.494208 INFO::Fitting model to feature number 208, T219
2024-02-06 22:14:38.495904 INFO::Fitting model to feature number 209, T220
2024-02-06 22:14:38.497585 INFO::Fitting model to feature number 210, T221
2024-02-06 22:14:38.499244 INFO::Fitting model to feature number 211, T222
2024-02-06 22:14:38.50091 INFO::Fitting model to feature number 212, T223
2024-02-06 22:14:38.502736 INFO::Fitting model to feature number 213, T224
2024-02-06 22:14:38.504525 INFO::Fitting model to feature number 214, T225
2024-02-06 22:14:38.506231 INFO::Fitting model to feature number 215, T226
2024-02-06 22:14:38.507901 INFO::Fitting model to feature number 216, T227
2024-02-06 22:14:38.50958 INFO::Fitting model to feature number 217, T228
2024-02-06 22:14:38.511237 INFO::Fitting model to feature number 218, T229
2024-02-06 22:14:38.513074 INFO::Fitting model to feature number 219, T230
2024-02-06 22:14:38.514977 INFO::Fitting model to feature number 220, T231
2024-02-06 22:14:38.516656 INFO::Fitting model to feature number 221, T232
2024-02-06 22:14:38.518353 INFO::Fitting model to feature number 222, T233
2024-02-06 22:14:38.520069 INFO::Fitting model to feature number 223, T234
2024-02-06 22:14:38.521734 INFO::Fitting model to feature number 224, T235
2024-02-06 22:14:38.523613 INFO::Fitting model to feature number 225, T236
2024-02-06 22:14:38.525357 INFO::Fitting model to feature number 226, T237
2024-02-06 22:14:38.527021 INFO::Fitting model to feature number 227, T238
2024-02-06 22:14:38.528654 INFO::Fitting model to feature number 228, T239
2024-02-06 22:14:38.530296 INFO::Fitting model to feature number 229, T240
2024-02-06 22:14:38.53193 INFO::Fitting model to feature number 230, T241
2024-02-06 22:14:38.533631 INFO::Fitting model to feature number 231, T242
2024-02-06 22:14:38.535544 INFO::Fitting model to feature number 232, T244
2024-02-06 22:14:38.537244 INFO::Fitting model to feature number 233, T245
2024-02-06 22:14:38.538891 INFO::Fitting model to feature number 234, T246
2024-02-06 22:14:38.54053 INFO::Fitting model to feature number 235, T247
2024-02-06 22:14:38.542159 INFO::Fitting model to feature number 236, T248
2024-02-06 22:14:38.543801 INFO::Fitting model to feature number 237, T249
2024-02-06 22:14:38.545619 INFO::Fitting model to feature number 238, T250
2024-02-06 22:14:38.547278 INFO::Fitting model to feature number 239, T251
2024-02-06 22:14:38.548906 INFO::Fitting model to feature number 240, T252
2024-02-06 22:14:38.550545 INFO::Fitting model to feature number 241, T253
2024-02-06 22:14:38.552195 INFO::Fitting model to feature number 242, T254
2024-02-06 22:14:38.553829 INFO::Fitting model to feature number 243, T255
2024-02-06 22:14:38.555575 INFO::Fitting model to feature number 244, T256
2024-02-06 22:14:38.557487 INFO::Fitting model to feature number 245, T257
2024-02-06 22:14:38.559145 INFO::Fitting model to feature number 246, T259
2024-02-06 22:14:38.560775 INFO::Fitting model to feature number 247, T260
2024-02-06 22:14:38.562387 INFO::Fitting model to feature number 248, T261
2024-02-06 22:14:38.563995 INFO::Fitting model to feature number 249, T262
2024-02-06 22:14:38.565685 INFO::Fitting model to feature number 250, T263
2024-02-06 22:14:38.567427 INFO::Fitting model to feature number 251, T264
2024-02-06 22:14:38.569049 INFO::Fitting model to feature number 252, T265
2024-02-06 22:14:38.570656 INFO::Fitting model to feature number 253, T267
2024-02-06 22:14:38.572273 INFO::Fitting model to feature number 254, T268
2024-02-06 22:14:38.573907 INFO::Fitting model to feature number 255, T269
2024-02-06 22:14:38.575516 INFO::Fitting model to feature number 256, T270
2024-02-06 22:14:38.577432 INFO::Fitting model to feature number 257, T271
2024-02-06 22:14:38.579295 INFO::Fitting model to feature number 258, T272
2024-02-06 22:14:38.581006 INFO::Fitting model to feature number 259, T273
2024-02-06 22:14:38.582669 INFO::Fitting model to feature number 260, T274
2024-02-06 22:14:38.584367 INFO::Fitting model to feature number 261, T275
2024-02-06 22:14:38.586046 INFO::Fitting model to feature number 262, T276
2024-02-06 22:14:38.587897 INFO::Fitting model to feature number 263, T277
2024-02-06 22:14:38.589688 INFO::Fitting model to feature number 264, T278
2024-02-06 22:14:38.591336 INFO::Fitting model to feature number 265, T280
2024-02-06 22:14:38.593 INFO::Fitting model to feature number 266, T282
2024-02-06 22:14:38.59465 INFO::Fitting model to feature number 267, T283
2024-02-06 22:14:38.59629 INFO::Fitting model to feature number 268, T284
2024-02-06 22:14:38.598165 INFO::Fitting model to feature number 269, T285
2024-02-06 22:14:38.600103 INFO::Fitting model to feature number 270, T286
2024-02-06 22:14:38.601787 INFO::Fitting model to feature number 271, T287
2024-02-06 22:14:38.603458 INFO::Fitting model to feature number 272, T288
2024-02-06 22:14:38.605142 INFO::Fitting model to feature number 273, T289
2024-02-06 22:14:38.606831 INFO::Fitting model to feature number 274, T290
2024-02-06 22:14:38.608617 INFO::Fitting model to feature number 275, T291
2024-02-06 22:14:38.610458 INFO::Fitting model to feature number 276, T292
2024-02-06 22:14:38.612164 INFO::Fitting model to feature number 277, T293
2024-02-06 22:14:38.613847 INFO::Fitting model to feature number 278, T294
2024-02-06 22:14:38.615509 INFO::Fitting model to feature number 279, T295
2024-02-06 22:14:38.61719 INFO::Fitting model to feature number 280, T296
2024-02-06 22:14:38.618952 INFO::Fitting model to feature number 281, T297
2024-02-06 22:14:38.620877 INFO::Fitting model to feature number 282, T298
2024-02-06 22:14:38.622608 INFO::Fitting model to feature number 283, T299
2024-02-06 22:14:38.624342 INFO::Fitting model to feature number 284, T300
2024-02-06 22:14:38.626225 INFO::Fitting model to feature number 285, T301
2024-02-06 22:14:38.628124 INFO::Fitting model to feature number 286, T303
2024-02-06 22:14:38.630223 INFO::Fitting model to feature number 287, T304
2024-02-06 22:14:38.632176 INFO::Fitting model to feature number 288, T305
2024-02-06 22:14:38.63389 INFO::Fitting model to feature number 289, T306
2024-02-06 22:14:38.635564 INFO::Fitting model to feature number 290, T307
2024-02-06 22:14:38.637248 INFO::Fitting model to feature number 291, T308
2024-02-06 22:14:38.638943 INFO::Fitting model to feature number 292, T309
2024-02-06 22:14:38.640765 INFO::Fitting model to feature number 293, T310
2024-02-06 22:14:38.642733 INFO::Fitting model to feature number 294, T311
2024-02-06 22:14:38.644456 INFO::Fitting model to feature number 295, T313
2024-02-06 22:14:38.646141 INFO::Fitting model to feature number 296, T317
2024-02-06 22:14:38.647817 INFO::Fitting model to feature number 297, T319
2024-02-06 22:14:38.649504 INFO::Fitting model to feature number 298, T321
2024-02-06 22:14:38.651477 INFO::Fitting model to feature number 299, T322
2024-02-06 22:14:38.65363 INFO::Fitting model to feature number 300, T323
2024-02-06 22:14:38.655363 INFO::Fitting model to feature number 301, T324
2024-02-06 22:14:38.657045 INFO::Fitting model to feature number 302, T325
2024-02-06 22:14:38.658716 INFO::Fitting model to feature number 303, T326
2024-02-06 22:14:38.660369 INFO::Fitting model to feature number 304, T327
2024-02-06 22:14:38.662182 INFO::Fitting model to feature number 305, T328
2024-02-06 22:14:38.663941 INFO::Fitting model to feature number 306, T329
2024-02-06 22:14:38.665626 INFO::Fitting model to feature number 307, T330
2024-02-06 22:14:38.667339 INFO::Fitting model to feature number 308, T331
2024-02-06 22:14:38.669104 INFO::Fitting model to feature number 309, T332
2024-02-06 22:14:38.670943 INFO::Fitting model to feature number 310, T333
2024-02-06 22:14:38.672946 INFO::Fitting model to feature number 311, T334
2024-02-06 22:14:38.675106 INFO::Fitting model to feature number 312, T335
2024-02-06 22:14:38.67694 INFO::Fitting model to feature number 313, T336
2024-02-06 22:14:38.678685 INFO::Fitting model to feature number 314, T338
2024-02-06 22:14:38.68042 INFO::Fitting model to feature number 315, T340
2024-02-06 22:14:38.682124 INFO::Fitting model to feature number 316, T341
2024-02-06 22:14:38.684102 INFO::Fitting model to feature number 317, T342
2024-02-06 22:14:38.685954 INFO::Fitting model to feature number 318, T343
2024-02-06 22:14:38.68761 INFO::Fitting model to feature number 319, T344
2024-02-06 22:14:38.689303 INFO::Fitting model to feature number 320, T345
2024-02-06 22:14:38.690966 INFO::Fitting model to feature number 321, T346
2024-02-06 22:14:38.692649 INFO::Fitting model to feature number 322, T347
2024-02-06 22:14:38.694516 INFO::Fitting model to feature number 323, T348
2024-02-06 22:14:38.696415 INFO::Fitting model to feature number 324, T349
2024-02-06 22:14:38.698117 INFO::Fitting model to feature number 325, T350
2024-02-06 22:14:38.699829 INFO::Fitting model to feature number 326, T351
2024-02-06 22:14:38.70151 INFO::Fitting model to feature number 327, T352
2024-02-06 22:14:38.703214 INFO::Fitting model to feature number 328, T353
2024-02-06 22:14:38.705044 INFO::Fitting model to feature number 329, T355
2024-02-06 22:14:38.706843 INFO::Fitting model to feature number 330, T356
2024-02-06 22:14:38.708526 INFO::Fitting model to feature number 331, T357
2024-02-06 22:14:38.710225 INFO::Fitting model to feature number 332, T358
2024-02-06 22:14:38.711958 INFO::Fitting model to feature number 333, T359
2024-02-06 22:14:38.713655 INFO::Fitting model to feature number 334, T360
2024-02-06 22:14:38.715467 INFO::Fitting model to feature number 335, T361
2024-02-06 22:14:38.717505 INFO::Fitting model to feature number 336, T362
2024-02-06 22:14:38.719241 INFO::Fitting model to feature number 337, T363
2024-02-06 22:14:38.720964 INFO::Fitting model to feature number 338, T364
2024-02-06 22:14:38.722662 INFO::Fitting model to feature number 339, T365
2024-02-06 22:14:38.724365 INFO::Fitting model to feature number 340, T366
2024-02-06 22:14:38.726208 INFO::Fitting model to feature number 341, T367
2024-02-06 22:14:38.728012 INFO::Fitting model to feature number 342, T368
2024-02-06 22:14:38.729704 INFO::Fitting model to feature number 343, T369
2024-02-06 22:14:38.731407 INFO::Fitting model to feature number 344, T370
2024-02-06 22:14:38.733102 INFO::Fitting model to feature number 345, T371
2024-02-06 22:14:38.734771 INFO::Fitting model to feature number 346, T372
2024-02-06 22:14:38.736541 INFO::Fitting model to feature number 347, T373
2024-02-06 22:14:38.738509 INFO::Fitting model to feature number 348, T374
2024-02-06 22:14:38.740287 INFO::Fitting model to feature number 349, T375
2024-02-06 22:14:38.742054 INFO::Fitting model to feature number 350, T376
2024-02-06 22:14:38.743757 INFO::Fitting model to feature number 351, T377
2024-02-06 22:14:38.745488 INFO::Fitting model to feature number 352, T378
2024-02-06 22:14:38.747306 INFO::Fitting model to feature number 353, T380
2024-02-06 22:14:38.74913 INFO::Fitting model to feature number 354, T381
2024-02-06 22:14:38.750892 INFO::Fitting model to feature number 355, T382
2024-02-06 22:14:38.752676 INFO::Fitting model to feature number 356, T383
2024-02-06 22:14:38.754375 INFO::Fitting model to feature number 357, T385
2024-02-06 22:14:38.75605 INFO::Fitting model to feature number 358, T386
2024-02-06 22:14:38.757823 INFO::Fitting model to feature number 359, T387
2024-02-06 22:14:38.759989 INFO::Fitting model to feature number 360, T389
2024-02-06 22:14:38.761766 INFO::Fitting model to feature number 361, T390
2024-02-06 22:14:38.763474 INFO::Fitting model to feature number 362, T391
2024-02-06 22:14:38.765146 INFO::Fitting model to feature number 363, T392
2024-02-06 22:14:38.766805 INFO::Fitting model to feature number 364, T393
2024-02-06 22:14:38.768573 INFO::Fitting model to feature number 365, T394
2024-02-06 22:14:38.770365 INFO::Fitting model to feature number 366, T395
2024-02-06 22:14:38.772099 INFO::Fitting model to feature number 367, T397
2024-02-06 22:14:38.773771 INFO::Fitting model to feature number 368, T398
2024-02-06 22:14:38.775417 INFO::Fitting model to feature number 369, T400
2024-02-06 22:14:38.777101 INFO::Fitting model to feature number 370, T401
2024-02-06 22:14:38.778808 INFO::Fitting model to feature number 371, T402
2024-02-06 22:14:38.780728 INFO::Fitting model to feature number 372, T404
2024-02-06 22:14:38.78246 INFO::Fitting model to feature number 373, T405
2024-02-06 22:14:38.78412 INFO::Fitting model to feature number 374, T406
2024-02-06 22:14:38.785795 INFO::Fitting model to feature number 375, T407
2024-02-06 22:14:38.787479 INFO::Fitting model to feature number 376, T408
2024-02-06 22:14:38.789176 INFO::Fitting model to feature number 377, T409
2024-02-06 22:14:38.791038 INFO::Fitting model to feature number 378, T411
2024-02-06 22:14:38.79274 INFO::Fitting model to feature number 379, T412
2024-02-06 22:14:38.794383 INFO::Fitting model to feature number 380, T413
2024-02-06 22:14:38.796046 INFO::Fitting model to feature number 381, T415
2024-02-06 22:14:38.797695 INFO::Fitting model to feature number 382, T416
2024-02-06 22:14:38.799362 INFO::Fitting model to feature number 383, T417
2024-02-06 22:14:38.801355 INFO::Fitting model to feature number 384, T418
2024-02-06 22:14:38.803289 INFO::Fitting model to feature number 385, T419
2024-02-06 22:14:38.805 INFO::Fitting model to feature number 386, T420
2024-02-06 22:14:38.80671 INFO::Fitting model to feature number 387, T421
2024-02-06 22:14:38.808367 INFO::Fitting model to feature number 388, T422
2024-02-06 22:14:38.810062 INFO::Fitting model to feature number 389, T423
2024-02-06 22:14:38.811998 INFO::Fitting model to feature number 390, T425
2024-02-06 22:14:38.81393 INFO::Fitting model to feature number 391, T427
2024-02-06 22:14:38.815652 INFO::Fitting model to feature number 392, T429
2024-02-06 22:14:38.81738 INFO::Fitting model to feature number 393, T430
2024-02-06 22:14:38.819176 INFO::Fitting model to feature number 394, T432
2024-02-06 22:14:38.820938 INFO::Fitting model to feature number 395, T433
2024-02-06 22:14:38.822921 INFO::Fitting model to feature number 396, T434
2024-02-06 22:14:38.824758 INFO::Fitting model to feature number 397, T436
2024-02-06 22:14:38.826496 INFO::Fitting model to feature number 398, T437
2024-02-06 22:14:38.828231 INFO::Fitting model to feature number 399, T438
2024-02-06 22:14:38.829974 INFO::Fitting model to feature number 400, T439
2024-02-06 22:14:38.831751 INFO::Fitting model to feature number 401, T441
2024-02-06 22:14:38.833767 INFO::Fitting model to feature number 402, T442
2024-02-06 22:14:38.835577 INFO::Fitting model to feature number 403, T443
2024-02-06 22:14:38.837234 INFO::Fitting model to feature number 404, T444
2024-02-06 22:14:38.83891 INFO::Fitting model to feature number 405, T445
2024-02-06 22:14:38.840578 INFO::Fitting model to feature number 406, T446
2024-02-06 22:14:38.842232 INFO::Fitting model to feature number 407, T447
2024-02-06 22:14:38.844153 INFO::Fitting model to feature number 408, T449
2024-02-06 22:14:38.84598 INFO::Fitting model to feature number 409, T451
2024-02-06 22:14:38.84768 INFO::Fitting model to feature number 410, T452
2024-02-06 22:14:38.849361 INFO::Fitting model to feature number 411, T454
2024-02-06 22:14:38.851066 INFO::Fitting model to feature number 412, T455
2024-02-06 22:14:38.852809 INFO::Fitting model to feature number 413, T456
2024-02-06 22:14:38.854713 INFO::Fitting model to feature number 414, T457
2024-02-06 22:14:38.856579 INFO::Fitting model to feature number 415, T458
2024-02-06 22:14:38.858251 INFO::Fitting model to feature number 416, T459
2024-02-06 22:14:38.859931 INFO::Fitting model to feature number 417, T461
2024-02-06 22:14:38.861591 INFO::Fitting model to feature number 418, T462
2024-02-06 22:14:38.863251 INFO::Fitting model to feature number 419, T463
2024-02-06 22:14:38.865081 INFO::Fitting model to feature number 420, T466
2024-02-06 22:14:38.866849 INFO::Fitting model to feature number 421, T467
2024-02-06 22:14:38.868559 INFO::Fitting model to feature number 422, T468
2024-02-06 22:14:38.870249 INFO::Fitting model to feature number 423, T469
2024-02-06 22:14:38.871937 INFO::Fitting model to feature number 424, T470
2024-02-06 22:14:38.873647 INFO::Fitting model to feature number 425, T471
2024-02-06 22:14:38.875453 INFO::Fitting model to feature number 426, T472
2024-02-06 22:14:38.877366 INFO::Fitting model to feature number 427, T473
2024-02-06 22:14:38.879071 INFO::Fitting model to feature number 428, T474
2024-02-06 22:14:38.880773 INFO::Fitting model to feature number 429, T475
2024-02-06 22:14:38.882488 INFO::Fitting model to feature number 430, T476
2024-02-06 22:14:38.884192 INFO::Fitting model to feature number 431, T478
2024-02-06 22:14:38.886053 INFO::Fitting model to feature number 432, T479
2024-02-06 22:14:38.887823 INFO::Fitting model to feature number 433, T480
2024-02-06 22:14:38.889514 INFO::Fitting model to feature number 434, T481
2024-02-06 22:14:38.921186 INFO::Counting total values for each feature
2024-02-06 22:14:38.935997 WARNING::Deleting existing residuals file: ./InputData/MMUPHin_lm_meta/YuJ_2015.metaphlan_bugs_list.stool/residuals.rds
2024-02-06 22:14:38.936838 INFO::Writing residuals to file ./InputData/MMUPHin_lm_meta/YuJ_2015.metaphlan_bugs_list.stool/residuals.rds
2024-02-06 22:14:38.943836 WARNING::Deleting existing fitted file: ./InputData/MMUPHin_lm_meta/YuJ_2015.metaphlan_bugs_list.stool/fitted.rds
2024-02-06 22:14:38.944995 INFO::Writing fitted values to file ./InputData/MMUPHin_lm_meta/YuJ_2015.metaphlan_bugs_list.stool/fitted.rds
2024-02-06 22:14:38.948179 INFO::Writing all results to file (ordered by increasing q-values): ./InputData/MMUPHin_lm_meta/YuJ_2015.metaphlan_bugs_list.stool/all_results.tsv
2024-02-06 22:14:38.953399 INFO::Writing the significant results (those which are less than or equal to the threshold of 1.000000 ) to file (ordered by increasing q-values): ./InputData/MMUPHin_lm_meta/YuJ_2015.metaphlan_bugs_list.stool/significant_results.tsv
